This file contains any messages produced by compilers while
running configure, to aid debugging if configure makes a mistake.

It was created by configure, which was
generated by GNU Autoconf 2.69.  Invocation command line was

  $ ./configure --host=mipsel-linux --target=mipsel-linux --disable-werror --disable-nls --disable-shared --enable-static --without-python --without-expat --without-gmp --without-mpfr --prefix=/workspace/gdb-mipsel-static

## --------- ##
## Platform. ##
## --------- ##

hostname = 6cb92bb99b40
uname -m = x86_64
uname -r = 6.8.0-60-generic
uname -s = Linux
uname -v = #63-Ubuntu SMP PREEMPT_DYNAMIC Tue Apr 15 19:04:15 UTC 2025

/usr/bin/uname -p = unknown
/bin/uname -X     = unknown

/bin/arch              = x86_64
/usr/bin/arch -k       = unknown
/usr/convex/getsysinfo = unknown
/usr/bin/hostinfo      = unknown
/bin/machine           = unknown
/usr/bin/oslevel       = unknown
/bin/universe          = unknown

PATH: /opt/mipsel-buildroot-linux-gnu_sdk-buildroot/bin
PATH: /usr/local/sbin
PATH: /usr/local/bin
PATH: /usr/sbin
PATH: /usr/bin
PATH: /sbin
PATH: /bin


## ----------- ##
## Core tests. ##
## ----------- ##

configure:2400: checking build system type
configure:2414: result: x86_64-pc-linux-gnu
configure:2461: checking host system type
configure:2474: result: mipsel-unknown-linux-gnu
configure:2494: checking target system type
configure:2507: result: mipsel-unknown-linux-gnu
configure:2561: checking for a BSD-compatible install
configure:2629: result: /usr/bin/install -c
configure:2640: checking whether ln works
configure:2662: result: yes
configure:2666: checking whether ln -s works
configure:2670: result: yes
configure:2677: checking for a sed that does not truncate output
configure:2741: result: /usr/bin/sed
configure:2750: checking for gawk
configure:2780: result: no
configure:2750: checking for mawk
configure:2766: found /usr/bin/mawk
configure:2777: result: mawk
configure:3618: checking for gdbserver support
configure:3628: result: yes
configure:4181: checking for mipsel-linux-gcc
configure:4208: result: /opt/mipsel-buildroot-linux-gnu_sdk-buildroot/bin/mips-mti-linux-gnu-gcc
configure:4477: checking for C compiler version
configure:4486: /opt/mipsel-buildroot-linux-gnu_sdk-buildroot/bin/mips-mti-linux-gnu-gcc --version >&5
mips-mti-linux-gnu-gcc (Codescape GNU Tools 2018.09-02 for MIPS MTI Linux) 6.3.0
Copyright (C) 2016 Free Software Foundation, Inc.
This is free software; see the source for copying conditions.  There is NO
warranty; not even for MERCHANTABILITY or FITNESS FOR A PARTICULAR PURPOSE.

configure:4497: $? = 0
configure:4486: /opt/mipsel-buildroot-linux-gnu_sdk-buildroot/bin/mips-mti-linux-gnu-gcc -v >&5
Using built-in specs.
COLLECT_GCC=/opt/mipsel-buildroot-linux-gnu_sdk-buildroot/opt/ext-toolchain/bin/mips-mti-linux-gnu-gcc
COLLECT_LTO_WRAPPER=/opt/mipsel-buildroot-linux-gnu_sdk-buildroot/opt/ext-toolchain/bin/../libexec/gcc/mips-mti-linux-gnu/6.3.0/lto-wrapper
Target: mips-mti-linux-gnu
Configured with: /scratch/overtest/root/69361/240198/shared/gcc/configure --prefix=/scratch/overtest/root/69361/240300/shared/mips-mti-linux-gnu/2018.09-02 --host=x86_64-pc-linux-gnu --build=x86_64-pc-linux-gnu --disable-libssp --disable-libmudflap --disable-decimal-float --with-mips-plt --target=mips-mti-linux-gnu --enable-languages=c,c++,fortran --with-sysroot=/scratch/overtest/root/69361/240300/shared/mips-mti-linux-gnu/2018.09-02/sysroot --enable-__cxa_atexit --with-bugurl=http://mips.com/mips-sdk-support/ --with-pkgversion='Codescape GNU Tools 2018.09-02 for MIPS MTI Linux'
Thread model: posix
gcc version 6.3.0 (Codescape GNU Tools 2018.09-02 for MIPS MTI Linux) 
configure:4497: $? = 0
configure:4486: /opt/mipsel-buildroot-linux-gnu_sdk-buildroot/bin/mips-mti-linux-gnu-gcc -V >&5
mips-mti-linux-gnu-gcc: error: unrecognized command line option '-V'
mips-mti-linux-gnu-gcc: fatal error: no input files
compilation terminated.
configure:4497: $? = 1
configure:4486: /opt/mipsel-buildroot-linux-gnu_sdk-buildroot/bin/mips-mti-linux-gnu-gcc -qversion >&5
mips-mti-linux-gnu-gcc: error: unrecognized command line option '-qversion'; did you mean '--version'?
mips-mti-linux-gnu-gcc: fatal error: no input files
compilation terminated.
configure:4497: $? = 1
configure:4517: checking whether the C compiler works
configure:4539: /opt/mipsel-buildroot-linux-gnu_sdk-buildroot/bin/mips-mti-linux-gnu-gcc -O2 -march=mips32r2 -I/opt/mipsel-buildroot-linux-gnu_sdk-buildroot/mipsel-buildroot-linux-gnu/sysroot/usr/include -static conftest.c  >&5
configure:4543: $? = 0
configure:4591: result: yes
configure:4594: checking for C compiler default output file name
configure:4596: result: a.out
configure:4602: checking for suffix of executables
configure:4609: /opt/mipsel-buildroot-linux-gnu_sdk-buildroot/bin/mips-mti-linux-gnu-gcc -o conftest -O2 -march=mips32r2 -I/opt/mipsel-buildroot-linux-gnu_sdk-buildroot/mipsel-buildroot-linux-gnu/sysroot/usr/include -static conftest.c  >&5
configure:4613: $? = 0
configure:4635: result: 
configure:4657: checking whether we are cross compiling
configure:4665: /opt/mipsel-buildroot-linux-gnu_sdk-buildroot/bin/mips-mti-linux-gnu-gcc -o conftest -O2 -march=mips32r2 -I/opt/mipsel-buildroot-linux-gnu_sdk-buildroot/mipsel-buildroot-linux-gnu/sysroot/usr/include -static conftest.c  >&5
configure:4669: $? = 0
configure:4676: ./conftest
./configure: line 4678: ./conftest: cannot execute binary file: Exec format error
configure:4680: $? = 126
configure:4695: result: yes
configure:4700: checking for suffix of object files
configure:4722: /opt/mipsel-buildroot-linux-gnu_sdk-buildroot/bin/mips-mti-linux-gnu-gcc -c -O2 -march=mips32r2 -I/opt/mipsel-buildroot-linux-gnu_sdk-buildroot/mipsel-buildroot-linux-gnu/sysroot/usr/include conftest.c >&5
configure:4726: $? = 0
configure:4747: result: o
configure:4751: checking whether we are using the GNU C compiler
configure:4770: /opt/mipsel-buildroot-linux-gnu_sdk-buildroot/bin/mips-mti-linux-gnu-gcc -c -O2 -march=mips32r2 -I/opt/mipsel-buildroot-linux-gnu_sdk-buildroot/mipsel-buildroot-linux-gnu/sysroot/usr/include conftest.c >&5
configure:4770: $? = 0
configure:4779: result: yes
configure:4788: checking whether /opt/mipsel-buildroot-linux-gnu_sdk-buildroot/bin/mips-mti-linux-gnu-gcc accepts -g
configure:4808: /opt/mipsel-buildroot-linux-gnu_sdk-buildroot/bin/mips-mti-linux-gnu-gcc -c -g -I/opt/mipsel-buildroot-linux-gnu_sdk-buildroot/mipsel-buildroot-linux-gnu/sysroot/usr/include conftest.c >&5
configure:4808: $? = 0
configure:4849: result: yes
configure:4866: checking for /opt/mipsel-buildroot-linux-gnu_sdk-buildroot/bin/mips-mti-linux-gnu-gcc option to accept ISO C89
configure:4929: /opt/mipsel-buildroot-linux-gnu_sdk-buildroot/bin/mips-mti-linux-gnu-gcc  -c -O2 -march=mips32r2 -I/opt/mipsel-buildroot-linux-gnu_sdk-buildroot/mipsel-buildroot-linux-gnu/sysroot/usr/include conftest.c >&5
configure:4929: $? = 0
configure:4942: result: none needed
configure:4962: checking for /opt/mipsel-buildroot-linux-gnu_sdk-buildroot/bin/mips-mti-linux-gnu-gcc option to accept ISO C99
configure:5111: /opt/mipsel-buildroot-linux-gnu_sdk-buildroot/bin/mips-mti-linux-gnu-gcc  -c -O2 -march=mips32r2 -I/opt/mipsel-buildroot-linux-gnu_sdk-buildroot/mipsel-buildroot-linux-gnu/sysroot/usr/include conftest.c >&5
configure:5111: $? = 0
configure:5124: result: none needed
configure:5251: checking for C++ compiler version
configure:5260: /opt/mipsel-buildroot-linux-gnu_sdk-buildroot/bin/mips-mti-linux-gnu-g++ --version >&5
mips-mti-linux-gnu-g++ (Codescape GNU Tools 2018.09-02 for MIPS MTI Linux) 6.3.0
Copyright (C) 2016 Free Software Foundation, Inc.
This is free software; see the source for copying conditions.  There is NO
warranty; not even for MERCHANTABILITY or FITNESS FOR A PARTICULAR PURPOSE.

configure:5271: $? = 0
configure:5260: /opt/mipsel-buildroot-linux-gnu_sdk-buildroot/bin/mips-mti-linux-gnu-g++ -v >&5
Using built-in specs.
COLLECT_GCC=/opt/mipsel-buildroot-linux-gnu_sdk-buildroot/opt/ext-toolchain/bin/mips-mti-linux-gnu-g++
COLLECT_LTO_WRAPPER=/opt/mipsel-buildroot-linux-gnu_sdk-buildroot/opt/ext-toolchain/bin/../libexec/gcc/mips-mti-linux-gnu/6.3.0/lto-wrapper
Target: mips-mti-linux-gnu
Configured with: /scratch/overtest/root/69361/240198/shared/gcc/configure --prefix=/scratch/overtest/root/69361/240300/shared/mips-mti-linux-gnu/2018.09-02 --host=x86_64-pc-linux-gnu --build=x86_64-pc-linux-gnu --disable-libssp --disable-libmudflap --disable-decimal-float --with-mips-plt --target=mips-mti-linux-gnu --enable-languages=c,c++,fortran --with-sysroot=/scratch/overtest/root/69361/240300/shared/mips-mti-linux-gnu/2018.09-02/sysroot --enable-__cxa_atexit --with-bugurl=http://mips.com/mips-sdk-support/ --with-pkgversion='Codescape GNU Tools 2018.09-02 for MIPS MTI Linux'
Thread model: posix
gcc version 6.3.0 (Codescape GNU Tools 2018.09-02 for MIPS MTI Linux) 
configure:5271: $? = 0
configure:5260: /opt/mipsel-buildroot-linux-gnu_sdk-buildroot/bin/mips-mti-linux-gnu-g++ -V >&5
mips-mti-linux-gnu-g++: error: unrecognized command line option '-V'
mips-mti-linux-gnu-g++: fatal error: no input files
compilation terminated.
configure:5271: $? = 1
configure:5260: /opt/mipsel-buildroot-linux-gnu_sdk-buildroot/bin/mips-mti-linux-gnu-g++ -qversion >&5
mips-mti-linux-gnu-g++: error: unrecognized command line option '-qversion'; did you mean '--version'?
mips-mti-linux-gnu-g++: fatal error: no input files
compilation terminated.
configure:5271: $? = 1
configure:5275: checking whether we are using the GNU C++ compiler
configure:5294: /opt/mipsel-buildroot-linux-gnu_sdk-buildroot/bin/mips-mti-linux-gnu-g++ -c -O2 -march=mips32r2 -I/opt/mipsel-buildroot-linux-gnu_sdk-buildroot/mipsel-buildroot-linux-gnu/sysroot/usr/include conftest.cpp >&5
configure:5294: $? = 0
configure:5303: result: yes
configure:5312: checking whether /opt/mipsel-buildroot-linux-gnu_sdk-buildroot/bin/mips-mti-linux-gnu-g++ accepts -g
configure:5332: /opt/mipsel-buildroot-linux-gnu_sdk-buildroot/bin/mips-mti-linux-gnu-g++ -c -g -I/opt/mipsel-buildroot-linux-gnu_sdk-buildroot/mipsel-buildroot-linux-gnu/sysroot/usr/include conftest.cpp >&5
configure:5332: $? = 0
configure:5373: result: yes
configure:5422: checking whether g++ accepts -static-libstdc++ -static-libgcc
configure:5439: /opt/mipsel-buildroot-linux-gnu_sdk-buildroot/bin/mips-mti-linux-gnu-g++ -o conftest -O2 -march=mips32r2 -I/opt/mipsel-buildroot-linux-gnu_sdk-buildroot/mipsel-buildroot-linux-gnu/sysroot/usr/include -static -static-libstdc++ -static-libgcc conftest.cpp  >&5
configure:5439: $? = 0
configure:5440: result: yes
configure:5464: checking for mipsel-linux-gnatbind
configure:5494: result: no
configure:5504: checking for gnatbind
configure:5534: result: no
configure:5556: checking for mipsel-linux-gnatmake
configure:5586: result: no
configure:5596: checking for gnatmake
configure:5626: result: no
configure:5645: checking whether compiler driver understands Ada and is recent enough
configure:5672: result: no
configure:5686: checking for mipsel-linux-gdc
configure:5716: result: no
configure:5726: checking for gdc
configure:5756: result: no
configure:5775: checking whether the D compiler works
configure:5792: result: no
configure:5800: checking how to compare bootstrapped objects
configure:5825: result: cmp --ignore-initial=16 $$f1 $$f2
configure:7969: checking for objdir
configure:7984: result: .libs
configure:8154: checking for the correct version of gmp.h
configure:8173: /opt/mipsel-buildroot-linux-gnu_sdk-buildroot/bin/mips-mti-linux-gnu-gcc -c -O2 -march=mips32r2 -Ino/include -Ino/include  -I/opt/mipsel-buildroot-linux-gnu_sdk-buildroot/mipsel-buildroot-linux-gnu/sysroot/usr/include conftest.c >&5
conftest.c: In function 'main':
conftest.c:18:3: error: unknown type name 'choke'
   choke me
   ^~~~~
configure:8173: $? = 1
configure: failed program was:
| /* confdefs.h */
| #define PACKAGE_NAME ""
| #define PACKAGE_TARNAME ""
| #define PACKAGE_VERSION ""
| #define PACKAGE_STRING ""
| #define PACKAGE_BUGREPORT ""
| #define PACKAGE_URL ""
| #define LT_OBJDIR ".libs/"
| /* end confdefs.h.  */
| #include "gmp.h"
| int
| main ()
| {
| 
|   #define GCC_GMP_VERSION_NUM(a,b,c) (((a) << 16L) | ((b) << 8) | (c))
|   #define GCC_GMP_VERSION GCC_GMP_VERSION_NUM(__GNU_MP_VERSION,__GNU_MP_VERSION_MINOR,__GNU_MP_VERSION_PATCHLEVEL)
|   #if GCC_GMP_VERSION < GCC_GMP_VERSION_NUM(4,2,3)
|   choke me
|   #endif
| 
|   ;
|   return 0;
| }
configure:8200: result: no
configure:8402: error: Building GDB requires GMP 4.2+, and MPFR 3.1.0+.
Try the --with-gmp and/or --with-mpfr options to specify
their locations.  If you obtained GMP and/or MPFR from a vendor
distribution package, make sure that you have installed both the libraries
and the header files.  They may be located in separate packages.

## ---------------- ##
## Cache variables. ##
## ---------------- ##

ac_cv_build=x86_64-pc-linux-gnu
ac_cv_c_compiler_gnu=yes
ac_cv_cxx_compiler_gnu=yes
ac_cv_env_AR_FOR_TARGET_set=
ac_cv_env_AR_FOR_TARGET_value=
ac_cv_env_AR_set=set
ac_cv_env_AR_value=/opt/mipsel-buildroot-linux-gnu_sdk-buildroot/bin/mips-mti-linux-gnu-ar
ac_cv_env_AS_FOR_TARGET_set=
ac_cv_env_AS_FOR_TARGET_value=
ac_cv_env_AS_set=set
ac_cv_env_AS_value=as
ac_cv_env_CCC_set=
ac_cv_env_CCC_value=
ac_cv_env_CC_FOR_TARGET_set=
ac_cv_env_CC_FOR_TARGET_value=
ac_cv_env_CC_set=set
ac_cv_env_CC_value=/opt/mipsel-buildroot-linux-gnu_sdk-buildroot/bin/mips-mti-linux-gnu-gcc
ac_cv_env_CFLAGS_set=set
ac_cv_env_CFLAGS_value='-O2 -march=mips32r2'
ac_cv_env_CPPFLAGS_set=set
ac_cv_env_CPPFLAGS_value=-I/opt/mipsel-buildroot-linux-gnu_sdk-buildroot/mipsel-buildroot-linux-gnu/sysroot/usr/include
ac_cv_env_CXXFLAGS_set=set
ac_cv_env_CXXFLAGS_value='-O2 -march=mips32r2'
ac_cv_env_CXX_FOR_TARGET_set=
ac_cv_env_CXX_FOR_TARGET_value=
ac_cv_env_CXX_set=set
ac_cv_env_CXX_value=/opt/mipsel-buildroot-linux-gnu_sdk-buildroot/bin/mips-mti-linux-gnu-g++
ac_cv_env_DLLTOOL_FOR_TARGET_set=
ac_cv_env_DLLTOOL_FOR_TARGET_value=
ac_cv_env_DLLTOOL_set=
ac_cv_env_DLLTOOL_value=
ac_cv_env_DSYMUTIL_FOR_TARGET_set=
ac_cv_env_DSYMUTIL_FOR_TARGET_value=
ac_cv_env_DSYMUTIL_set=
ac_cv_env_DSYMUTIL_value=
ac_cv_env_GCC_FOR_TARGET_set=
ac_cv_env_GCC_FOR_TARGET_value=
ac_cv_env_GDC_FOR_TARGET_set=
ac_cv_env_GDC_FOR_TARGET_value=
ac_cv_env_GFORTRAN_FOR_TARGET_set=
ac_cv_env_GFORTRAN_FOR_TARGET_value=
ac_cv_env_GM2_FOR_TARGET_set=
ac_cv_env_GM2_FOR_TARGET_value=
ac_cv_env_GOC_FOR_TARGET_set=
ac_cv_env_GOC_FOR_TARGET_value=
ac_cv_env_LDFLAGS_set=set
ac_cv_env_LDFLAGS_value=-static
ac_cv_env_LD_FOR_TARGET_set=
ac_cv_env_LD_FOR_TARGET_value=
ac_cv_env_LD_set=set
ac_cv_env_LD_value=/opt/mipsel-buildroot-linux-gnu_sdk-buildroot/bin/mips-mti-linux-gnu-ld
ac_cv_env_LIBS_set=
ac_cv_env_LIBS_value=
ac_cv_env_LIPO_FOR_TARGET_set=
ac_cv_env_LIPO_FOR_TARGET_value=
ac_cv_env_LIPO_set=
ac_cv_env_LIPO_value=
ac_cv_env_NM_FOR_TARGET_set=
ac_cv_env_NM_FOR_TARGET_value=
ac_cv_env_NM_set=
ac_cv_env_NM_value=
ac_cv_env_OBJCOPY_FOR_TARGET_set=
ac_cv_env_OBJCOPY_FOR_TARGET_value=
ac_cv_env_OBJCOPY_set=
ac_cv_env_OBJCOPY_value=
ac_cv_env_OBJDUMP_FOR_TARGET_set=
ac_cv_env_OBJDUMP_FOR_TARGET_value=
ac_cv_env_OBJDUMP_set=
ac_cv_env_OBJDUMP_value=
ac_cv_env_OTOOL_FOR_TARGET_set=
ac_cv_env_OTOOL_FOR_TARGET_value=
ac_cv_env_OTOOL_set=
ac_cv_env_OTOOL_value=
ac_cv_env_RANLIB_FOR_TARGET_set=
ac_cv_env_RANLIB_FOR_TARGET_value=
ac_cv_env_RANLIB_set=set
ac_cv_env_RANLIB_value=/opt/mipsel-buildroot-linux-gnu_sdk-buildroot/bin/mips-mti-linux-gnu-ranlib
ac_cv_env_READELF_FOR_TARGET_set=
ac_cv_env_READELF_FOR_TARGET_value=
ac_cv_env_READELF_set=
ac_cv_env_READELF_value=
ac_cv_env_STRIP_FOR_TARGET_set=
ac_cv_env_STRIP_FOR_TARGET_value=
ac_cv_env_STRIP_set=set
ac_cv_env_STRIP_value=/opt/mipsel-buildroot-linux-gnu_sdk-buildroot/bin/mips-mti-linux-gnu-strip
ac_cv_env_WINDMC_FOR_TARGET_set=
ac_cv_env_WINDMC_FOR_TARGET_value=
ac_cv_env_WINDMC_set=
ac_cv_env_WINDMC_value=
ac_cv_env_WINDRES_FOR_TARGET_set=
ac_cv_env_WINDRES_FOR_TARGET_value=
ac_cv_env_WINDRES_set=
ac_cv_env_WINDRES_value=
ac_cv_env_build_alias_set=
ac_cv_env_build_alias_value=
ac_cv_env_build_configargs_set=
ac_cv_env_build_configargs_value=
ac_cv_env_host_alias_set=set
ac_cv_env_host_alias_value=mipsel-linux
ac_cv_env_host_configargs_set=
ac_cv_env_host_configargs_value=
ac_cv_env_target_alias_set=set
ac_cv_env_target_alias_value=mipsel-linux
ac_cv_env_target_configargs_set=
ac_cv_env_target_configargs_value=
ac_cv_host=mipsel-unknown-linux-gnu
ac_cv_objext=o
ac_cv_path_SED=/usr/bin/sed
ac_cv_path_install='/usr/bin/install -c'
ac_cv_prog_AWK=mawk
ac_cv_prog_CC=/opt/mipsel-buildroot-linux-gnu_sdk-buildroot/bin/mips-mti-linux-gnu-gcc
ac_cv_prog_cc_c89=
ac_cv_prog_cc_c99=
ac_cv_prog_cc_g=yes
ac_cv_prog_cxx_g=yes
ac_cv_target=mipsel-unknown-linux-gnu
acx_cv_cc_gcc_supports_ada=no
acx_cv_d_compiler_works=no
acx_cv_prog_LN=ln
gcc_cv_prog_cmp_skip='cmp --ignore-initial=16 $$f1 $$f2'
lt_cv_objdir=.libs

## ----------------- ##
## Output variables. ##
## ----------------- ##

AR='/opt/mipsel-buildroot-linux-gnu_sdk-buildroot/bin/mips-mti-linux-gnu-ar'
AR_FOR_BUILD='ar'
AR_FOR_TARGET=''
AR_PLUGIN_OPTION=''
AS='as'
AS_FOR_BUILD='as'
AS_FOR_TARGET=''
AWK='mawk'
BISON=''
BUILD_CONFIG=''
CC='/opt/mipsel-buildroot-linux-gnu_sdk-buildroot/bin/mips-mti-linux-gnu-gcc'
CC_FOR_BUILD='gcc'
CC_FOR_TARGET=''
CFLAGS='-O2 -march=mips32r2'
CFLAGS_FOR_BUILD=''
CFLAGS_FOR_TARGET=''
COMPILER_AS_FOR_TARGET=''
COMPILER_LD_FOR_TARGET=''
COMPILER_NM_FOR_TARGET=''
CONFIGURE_GDB_TK=''
CPPFLAGS='-I/opt/mipsel-buildroot-linux-gnu_sdk-buildroot/mipsel-buildroot-linux-gnu/sysroot/usr/include'
CPPFLAGS_FOR_BUILD=''
CPP_FOR_BUILD='$(CC_FOR_BUILD) -E'
CXX='/opt/mipsel-buildroot-linux-gnu_sdk-buildroot/bin/mips-mti-linux-gnu-g++'
CXXFLAGS='-O2 -march=mips32r2'
CXXFLAGS_FOR_BUILD=''
CXXFLAGS_FOR_TARGET=''
CXX_FOR_BUILD='g++'
CXX_FOR_TARGET=''
DEBUG_PREFIX_CFLAGS_FOR_TARGET=''
DEFS=''
DLLTOOL=''
DLLTOOL_FOR_BUILD='dlltool'
DLLTOOL_FOR_TARGET=''
DSYMUTIL=''
DSYMUTIL_FOR_BUILD='dsymutil'
DSYMUTIL_FOR_TARGET=''
ECHO_C=''
ECHO_N='-n'
ECHO_T=''
EXEEXT=''
EXPECT=''
FLAGS_FOR_TARGET=''
FLEX=''
GCC_FOR_TARGET=''
GCC_SHLIB_SUBDIR=''
GDB_TK=''
GDC='no'
GDCFLAGS=''
GDC_FOR_BUILD='gdc'
GDC_FOR_TARGET=''
GFORTRAN_FOR_BUILD='gfortran'
GFORTRAN_FOR_TARGET=''
GM2_FOR_TARGET=''
GNATBIND='no'
GNATMAKE='no'
GOC_FOR_BUILD='gccgo'
GOC_FOR_TARGET=''
HAVE_CXX11=''
HAVE_CXX11_FOR_BUILD=''
INSTALL_DATA='${INSTALL} -m 644'
INSTALL_GDB_TK=''
INSTALL_PROGRAM='${INSTALL}'
INSTALL_SCRIPT='${INSTALL}'
LD='/opt/mipsel-buildroot-linux-gnu_sdk-buildroot/bin/mips-mti-linux-gnu-ld'
LDFLAGS='-static'
LDFLAGS_FOR_BUILD=''
LDFLAGS_FOR_TARGET=''
LD_FOR_BUILD='ld'
LD_FOR_TARGET=''
LEX=''
LIBOBJS=''
LIBS=''
LIPO=''
LIPO_FOR_TARGET=''
LN='ln'
LN_S='ln -s'
LTLIBOBJS=''
M4=''
MAINT=''
MAINTAINER_MODE_FALSE=''
MAINTAINER_MODE_TRUE=''
MAKEINFO=''
NM=''
NM_FOR_BUILD='nm'
NM_FOR_TARGET=''
OBJCOPY=''
OBJCOPY_FOR_TARGET=''
OBJDUMP=''
OBJDUMP_FOR_TARGET=''
OBJEXT='o'
OTOOL=''
OTOOL_FOR_TARGET=''
PACKAGE_BUGREPORT=''
PACKAGE_NAME=''
PACKAGE_STRING=''
PACKAGE_TARNAME=''
PACKAGE_URL=''
PACKAGE_VERSION=''
PATH_SEPARATOR=':'
PGO_BUILD_GEN_CFLAGS=''
PGO_BUILD_LTO_CFLAGS=''
PGO_BUILD_USE_CFLAGS=''
PICFLAG=''
PKG_CONFIG_PATH=''
RANLIB='/opt/mipsel-buildroot-linux-gnu_sdk-buildroot/bin/mips-mti-linux-gnu-ranlib'
RANLIB_FOR_BUILD='ranlib'
RANLIB_FOR_TARGET=''
RANLIB_PLUGIN_OPTION=''
RAW_CXX_FOR_TARGET=''
READELF=''
READELF_FOR_TARGET=''
RPATH_ENVVAR=''
RUNTEST=''
SED='/usr/bin/sed'
SHELL='/bin/bash'
STRIP='/opt/mipsel-buildroot-linux-gnu_sdk-buildroot/bin/mips-mti-linux-gnu-strip'
STRIP_FOR_TARGET=''
SYSROOT_CFLAGS_FOR_TARGET=''
TOPLEVEL_CONFIGURE_ARGUMENTS='./configure --host=mipsel-linux --target=mipsel-linux --disable-werror --disable-nls --disable-shared --enable-static --without-python --without-expat --without-gmp --without-mpfr --prefix=/workspace/gdb-mipsel-static'
WINDMC=''
WINDMC_FOR_BUILD='windmc'
WINDMC_FOR_TARGET=''
WINDRES=''
WINDRES_FOR_BUILD='windres'
WINDRES_FOR_TARGET=''
YACC=''
ac_ct_CC=''
ac_ct_CXX=''
bindir='${exec_prefix}/bin'
build='x86_64-pc-linux-gnu'
build_alias=''
build_configargs=''
build_configdirs='build-libiberty build-libcpp build-texinfo build-flex build-bison build-m4 build-fixincludes'
build_cpu='x86_64'
build_libsubdir='build-x86_64-pc-linux-gnu'
build_noncanonical='x86_64-pc-linux-gnu'
build_os='linux-gnu'
build_subdir='build-x86_64-pc-linux-gnu'
build_tooldir=''
build_vendor='pc'
compare_exclusions=''
configdirs='intl libiberty opcodes bfd readline tcl tk itcl libgui zlib libbacktrace libcpp libcody libdecnumber gmp mpfr mpc isl libiconv libctf libsframe texinfo flex bison binutils gas ld fixincludes gcc cgen sid sim gdb gdbserver gprof etc expect dejagnu m4 utils guile fastjar gnattools libcc1 gm2tools gotools c++tools'
datadir='${datarootdir}'
datarootdir='${prefix}/share'
do_compare='cmp --ignore-initial=16 $$f1 $$f2'
docdir='${datarootdir}/doc/${PACKAGE}'
dvidir='${docdir}'
exec_prefix='NONE'
extra_host_libiberty_configure_flags=''
extra_host_zlib_configure_flags=''
extra_isl_gmp_configure_flags=''
extra_linker_plugin_configure_flags=''
extra_linker_plugin_flags=''
extra_mpc_gmp_configure_flags=''
extra_mpc_mpfr_configure_flags=''
extra_mpfr_configure_flags=''
gcc_host_pie=''
get_gcc_base_ver=''
gmpinc='-Ino/include -Ino/include '
gmplibs='-Lno/lib -Lno/lib -lmpfr -lgmp'
host='mipsel-unknown-linux-gnu'
host_alias='mipsel-linux'
host_configargs=''
host_cpu='mipsel'
host_libs_picflag=''
host_noncanonical='mipsel-linux'
host_os='linux-gnu'
host_pie=''
host_shared=''
host_subdir='.'
host_vendor='unknown'
htmldir='${docdir}'
includedir='${prefix}/include'
infodir='${datarootdir}/info'
islinc=''
isllibs=''
libdir='${exec_prefix}/lib'
libexecdir='${exec_prefix}/libexec'
localedir='${datarootdir}/locale'
localstatedir='${prefix}/var'
mandir='${datarootdir}/man'
oldincludedir='/usr/include'
pdfdir='${docdir}'
poststage1_ldflags=''
poststage1_libs=''
prefix='/workspace/gdb-mipsel-static'
program_transform_name='s,y,y,'
psdir='${docdir}'
sbindir='${exec_prefix}/sbin'
sharedstatedir='${prefix}/com'
stage1_cflags=''
stage1_checking=''
stage1_languages=''
stage1_ldflags=''
stage1_libs=''
stage2_werror_flag=''
sysconfdir='${prefix}/etc'
target='mipsel-unknown-linux-gnu'
target_alias='mipsel-linux'
target_configargs=''
target_configdirs='target-libgcc target-libbacktrace target-libgloss target-newlib target-libgomp target-libatomic target-libitm target-libstdc++-v3 target-libsanitizer target-libvtv target-libssp target-libquadmath target-libgfortran target-libffi target-libobjc target-libada target-libgm2 target-libgo target-libphobos target-zlib target-rda'
target_cpu='mipsel'
target_noncanonical='mipsel-linux'
target_os='linux-gnu'
target_subdir='mipsel-linux'
target_vendor='unknown'
tooldir=''

## ------------------- ##
## File substitutions. ##
## ------------------- ##

alphaieee_frag=''
host_makefile_frag='/dev/null'
ospace_frag=''
serialization_dependencies=''
target_makefile_frag=''

## ----------- ##
## confdefs.h. ##
## ----------- ##

/* confdefs.h */
#define PACKAGE_NAME ""
#define PACKAGE_TARNAME ""
#define PACKAGE_VERSION ""
#define PACKAGE_STRING ""
#define PACKAGE_BUGREPORT ""
#define PACKAGE_URL ""
#define LT_OBJDIR ".libs/"

configure: exit 1
