This file contains any messages produced by compilers while
running configure, to aid debugging if configure makes a mistake.

It was created by configure, which was
generated by GNU Autoconf 2.64.  Invocation command line was

  $ ./configure --disable-option-checking --prefix=/workspace/gdb-mipsel-static --disable-werror --disable-nls --disable-shared --enable-static --without-python --without-expat --without-gmp --without-mpfr --program-transform-name=s,y,y, --build=x86_64-pc-linux-gnu --host=mipsel-linux --target=mipsel-linux build_alias=x86_64-pc-linux-gnu host_alias=mipsel-linux target_alias=mipsel-linux CC=/opt/mipsel-buildroot-linux-gnu_sdk-buildroot/bin/mips-mti-linux-gnu-gcc CFLAGS=-O2 -march=mips32r2 LDFLAGS=-static-libstdc++ -static-libgcc  --cache-file=.././config.cache --srcdir=.

## --------- ##
## Platform. ##
## --------- ##

hostname = d60c47c747e8
uname -m = x86_64
uname -r = 6.8.0-60-generic
uname -s = Linux
uname -v = #63-Ubuntu SMP PREEMPT_DYNAMIC Tue Apr 15 19:04:15 UTC 2025

/usr/bin/uname -p = unknown
/bin/uname -X     = unknown

/bin/arch              = x86_64
/usr/bin/arch -k       = unknown
/usr/convex/getsysinfo = unknown
/usr/bin/hostinfo      = unknown
/bin/machine           = unknown
/usr/bin/oslevel       = unknown
/bin/universe          = unknown

PATH: /opt/mipsel-buildroot-linux-gnu_sdk-buildroot/bin
PATH: /usr/local/sbin
PATH: /usr/local/bin
PATH: /usr/sbin
PATH: /usr/bin
PATH: /sbin
PATH: /bin


## ----------- ##
## Core tests. ##
## ----------- ##

configure:1957: loading cache .././config.cache
configure:3898: checking for a BSD-compatible install
configure:3966: result: /usr/bin/install -c
configure:3985: checking for mipsel-linux-gcc
configure:4012: result: /opt/mipsel-buildroot-linux-gnu_sdk-buildroot/bin/mips-mti-linux-gnu-gcc
configure:4281: checking for C compiler version
configure:4290: /opt/mipsel-buildroot-linux-gnu_sdk-buildroot/bin/mips-mti-linux-gnu-gcc --version >&5
mips-mti-linux-gnu-gcc (Codescape GNU Tools 2018.09-02 for MIPS MTI Linux) 6.3.0
Copyright (C) 2016 Free Software Foundation, Inc.
This is free software; see the source for copying conditions.  There is NO
warranty; not even for MERCHANTABILITY or FITNESS FOR A PARTICULAR PURPOSE.

configure:4301: $? = 0
configure:4290: /opt/mipsel-buildroot-linux-gnu_sdk-buildroot/bin/mips-mti-linux-gnu-gcc -v >&5
Using built-in specs.
COLLECT_GCC=/opt/mipsel-buildroot-linux-gnu_sdk-buildroot/opt/ext-toolchain/bin/mips-mti-linux-gnu-gcc
COLLECT_LTO_WRAPPER=/opt/mipsel-buildroot-linux-gnu_sdk-buildroot/opt/ext-toolchain/bin/../libexec/gcc/mips-mti-linux-gnu/6.3.0/lto-wrapper
Target: mips-mti-linux-gnu
Configured with: /scratch/overtest/root/69361/240198/shared/gcc/configure --prefix=/scratch/overtest/root/69361/240300/shared/mips-mti-linux-gnu/2018.09-02 --host=x86_64-pc-linux-gnu --build=x86_64-pc-linux-gnu --disable-libssp --disable-libmudflap --disable-decimal-float --with-mips-plt --target=mips-mti-linux-gnu --enable-languages=c,c++,fortran --with-sysroot=/scratch/overtest/root/69361/240300/shared/mips-mti-linux-gnu/2018.09-02/sysroot --enable-__cxa_atexit --with-bugurl=http://mips.com/mips-sdk-support/ --with-pkgversion='Codescape GNU Tools 2018.09-02 for MIPS MTI Linux'
Thread model: posix
gcc version 6.3.0 (Codescape GNU Tools 2018.09-02 for MIPS MTI Linux) 
configure:4301: $? = 0
configure:4290: /opt/mipsel-buildroot-linux-gnu_sdk-buildroot/bin/mips-mti-linux-gnu-gcc -V >&5
mips-mti-linux-gnu-gcc: error: unrecognized command line option '-V'
mips-mti-linux-gnu-gcc: fatal error: no input files
compilation terminated.
configure:4301: $? = 1
configure:4290: /opt/mipsel-buildroot-linux-gnu_sdk-buildroot/bin/mips-mti-linux-gnu-gcc -qversion >&5
mips-mti-linux-gnu-gcc: error: unrecognized command line option '-qversion'; did you mean '--version'?
mips-mti-linux-gnu-gcc: fatal error: no input files
compilation terminated.
configure:4301: $? = 1
configure:4321: checking for C compiler default output file name
configure:4343: /opt/mipsel-buildroot-linux-gnu_sdk-buildroot/bin/mips-mti-linux-gnu-gcc -O2 -march=mips32r2  -static-libstdc++ -static-libgcc  conftest.c  >&5
configure:4347: $? = 0
configure:4384: result: a.out
configure:4400: checking whether the C compiler works
configure:4428: result: yes
configure:4435: checking whether we are cross compiling
configure:4437: result: yes
configure:4440: checking for suffix of executables
configure:4447: /opt/mipsel-buildroot-linux-gnu_sdk-buildroot/bin/mips-mti-linux-gnu-gcc -o conftest -O2 -march=mips32r2  -static-libstdc++ -static-libgcc  conftest.c  >&5
configure:4451: $? = 0
configure:4473: result: 
configure:4479: checking for suffix of object files
configure:4526: result: o
configure:4530: checking whether we are using the GNU C compiler
configure:4558: result: yes
configure:4567: checking whether /opt/mipsel-buildroot-linux-gnu_sdk-buildroot/bin/mips-mti-linux-gnu-gcc accepts -g
configure:4628: result: yes
configure:4645: checking for /opt/mipsel-buildroot-linux-gnu_sdk-buildroot/bin/mips-mti-linux-gnu-gcc option to accept ISO C89
configure:4722: result: none needed
configure:4814: checking compiler warning flags
configure:4835: /opt/mipsel-buildroot-linux-gnu_sdk-buildroot/bin/mips-mti-linux-gnu-gcc -c -O2 -march=mips32r2 -Wall  conftest.c >&5
configure:4835: $? = 0
configure:4835: /opt/mipsel-buildroot-linux-gnu_sdk-buildroot/bin/mips-mti-linux-gnu-gcc -c -O2 -march=mips32r2 -Wdeclaration-after-statement  conftest.c >&5
configure:4835: $? = 0
configure:4835: /opt/mipsel-buildroot-linux-gnu_sdk-buildroot/bin/mips-mti-linux-gnu-gcc -c -O2 -march=mips32r2 -Wpointer-arith  conftest.c >&5
configure:4835: $? = 0
configure:4835: /opt/mipsel-buildroot-linux-gnu_sdk-buildroot/bin/mips-mti-linux-gnu-gcc -c -O2 -march=mips32r2 -Wpointer-sign  conftest.c >&5
configure:4835: $? = 0
configure:4835: /opt/mipsel-buildroot-linux-gnu_sdk-buildroot/bin/mips-mti-linux-gnu-gcc -c -O2 -march=mips32r2 -Wno-unused  conftest.c >&5
configure:4835: $? = 0
configure:4835: /opt/mipsel-buildroot-linux-gnu_sdk-buildroot/bin/mips-mti-linux-gnu-gcc -c -O2 -march=mips32r2 -Wunused-value  conftest.c >&5
configure:4835: $? = 0
configure:4835: /opt/mipsel-buildroot-linux-gnu_sdk-buildroot/bin/mips-mti-linux-gnu-gcc -c -O2 -march=mips32r2 -Wunused-function  conftest.c >&5
configure:4835: $? = 0
configure:4835: /opt/mipsel-buildroot-linux-gnu_sdk-buildroot/bin/mips-mti-linux-gnu-gcc -c -O2 -march=mips32r2 -Wno-switch  conftest.c >&5
configure:4835: $? = 0
configure:4835: /opt/mipsel-buildroot-linux-gnu_sdk-buildroot/bin/mips-mti-linux-gnu-gcc -c -O2 -march=mips32r2 -Wno-char-subscripts  conftest.c >&5
configure:4835: $? = 0
configure:4835: /opt/mipsel-buildroot-linux-gnu_sdk-buildroot/bin/mips-mti-linux-gnu-gcc -c -O2 -march=mips32r2 -Wmissing-prototypes  conftest.c >&5
configure:4835: $? = 0
configure:4835: /opt/mipsel-buildroot-linux-gnu_sdk-buildroot/bin/mips-mti-linux-gnu-gcc -c -O2 -march=mips32r2 -Wdeclaration-after-statement  conftest.c >&5
configure:4835: $? = 0
configure:4835: /opt/mipsel-buildroot-linux-gnu_sdk-buildroot/bin/mips-mti-linux-gnu-gcc -c -O2 -march=mips32r2 -Wempty-body  conftest.c >&5
configure:4835: $? = 0
configure:4835: /opt/mipsel-buildroot-linux-gnu_sdk-buildroot/bin/mips-mti-linux-gnu-gcc -c -O2 -march=mips32r2 -Wmissing-parameter-type  conftest.c >&5
configure:4835: $? = 0
configure:4835: /opt/mipsel-buildroot-linux-gnu_sdk-buildroot/bin/mips-mti-linux-gnu-gcc -c -O2 -march=mips32r2 -Wold-style-declaration  conftest.c >&5
configure:4835: $? = 0
configure:4835: /opt/mipsel-buildroot-linux-gnu_sdk-buildroot/bin/mips-mti-linux-gnu-gcc -c -O2 -march=mips32r2 -Wold-style-definition  conftest.c >&5
conftest.c: In function 'main':
conftest.c:11:1: warning: old-style function definition [-Wold-style-definition]
 main ()
 ^~~~
configure:4835: $? = 0
configure:4835: /opt/mipsel-buildroot-linux-gnu_sdk-buildroot/bin/mips-mti-linux-gnu-gcc -c -O2 -march=mips32r2 -Wformat-nonliteral  conftest.c >&5
cc1: warning: -Wformat-nonliteral ignored without -Wformat [-Wformat-nonliteral]
configure:4835: $? = 0
configure:4842: result:  -Wall -Wdeclaration-after-statement -Wpointer-arith -Wpointer-sign -Wno-unused -Wunused-value -Wunused-function -Wno-switch -Wno-char-subscripts -Wmissing-prototypes -Wdeclaration-after-statement -Wempty-body -Wmissing-parameter-type -Wold-style-declaration -Wold-style-definition -Wformat-nonliteral 
configure:4869: checking build system type
configure:4883: result: x86_64-pc-linux-gnu
configure:4903: checking host system type
configure:4916: result: mipsel-unknown-linux-gnu
configure:4936: checking target system type
configure:4949: result: mipsel-unknown-linux-gnu
configure:4997: checking how to run the C preprocessor
configure:5067: result: /opt/mipsel-buildroot-linux-gnu_sdk-buildroot/bin/mips-mti-linux-gnu-gcc -E
configure:5087: /opt/mipsel-buildroot-linux-gnu_sdk-buildroot/bin/mips-mti-linux-gnu-gcc -E  conftest.c
configure:5087: $? = 0
configure:5101: /opt/mipsel-buildroot-linux-gnu_sdk-buildroot/bin/mips-mti-linux-gnu-gcc -E  conftest.c
conftest.c:9:28: fatal error: ac_nonexistent.h: No such file or directory
 #include <ac_nonexistent.h>
                            ^
compilation terminated.
configure:5101: $? = 1
configure: failed program was:
| /* confdefs.h */
| #define PACKAGE_NAME ""
| #define PACKAGE_TARNAME ""
| #define PACKAGE_VERSION ""
| #define PACKAGE_STRING ""
| #define PACKAGE_BUGREPORT ""
| #define PACKAGE_URL ""
| /* end confdefs.h.  */
| #include <ac_nonexistent.h>
configure:5130: checking for grep that handles long lines and -e
configure:5188: result: /usr/bin/grep
configure:5193: checking for egrep
configure:5255: result: /usr/bin/grep -E
configure:5260: checking for ANSI C header files
configure:5364: result: yes
configure:5377: checking for sys/types.h
configure:5377: result: yes
configure:5377: checking for sys/stat.h
configure:5377: result: yes
configure:5377: checking for stdlib.h
configure:5377: result: yes
configure:5377: checking for string.h
configure:5377: result: yes
configure:5377: checking for memory.h
configure:5377: result: yes
configure:5377: checking for strings.h
configure:5377: result: yes
configure:5377: checking for inttypes.h
configure:5377: result: yes
configure:5377: checking for stdint.h
configure:5377: result: yes
configure:5377: checking for unistd.h
configure:5377: result: yes
configure:5393: checking for stdlib.h
configure:5393: result: yes
configure:5393: checking for string.h
configure:5393: result: yes
configure:5393: checking for strings.h
configure:5393: result: yes
configure:5393: checking for sys/stat.h
configure:5393: result: yes
configure:5393: checking for sys/types.h
configure:5393: result: yes
configure:5393: checking for unistd.h
configure:5393: result: yes
configure:5407: checking for dirent.h that defines DIR
configure:5426: /opt/mipsel-buildroot-linux-gnu_sdk-buildroot/bin/mips-mti-linux-gnu-gcc -c -O2 -march=mips32r2  conftest.c >&5
configure:5426: $? = 0
configure:5434: result: yes
configure:5448: checking for library containing opendir
configure:5479: /opt/mipsel-buildroot-linux-gnu_sdk-buildroot/bin/mips-mti-linux-gnu-gcc -o conftest -O2 -march=mips32r2  -static-libstdc++ -static-libgcc  conftest.c  >&5
configure:5479: $? = 0
configure:5496: result: none required
configure:5576: checking for mipsel-linux-ranlib
configure:5603: result: /opt/mipsel-buildroot-linux-gnu_sdk-buildroot/bin/mips-mti-linux-gnu-ranlib
configure:5727: updating cache .././config.cache
configure:5764: creating ./config.status

## ---------------------- ##
## Running config.status. ##
## ---------------------- ##

This file was extended by config.status, which was
generated by GNU Autoconf 2.64.  Invocation command line was

  CONFIG_FILES    = 
  CONFIG_HEADERS  = 
  CONFIG_LINKS    = 
  CONFIG_COMMANDS = 
  $ ./config.status 

on d60c47c747e8

config.status:848: creating Makefile
config.status:848: creating config.h
config.status:1028: executing default commands

## ---------------- ##
## Cache variables. ##
## ---------------- ##

ac_cv_build=x86_64-pc-linux-gnu
ac_cv_c_bigendian=no
ac_cv_c_compiler_gnu=yes
ac_cv_env_CC_set=set
ac_cv_env_CC_value=/opt/mipsel-buildroot-linux-gnu_sdk-buildroot/bin/mips-mti-linux-gnu-gcc
ac_cv_env_CFLAGS_set=set
ac_cv_env_CFLAGS_value='-O2 -march=mips32r2'
ac_cv_env_CPPFLAGS_set=
ac_cv_env_CPPFLAGS_value=
ac_cv_env_CPP_set=
ac_cv_env_CPP_value=
ac_cv_env_LDFLAGS_set=set
ac_cv_env_LDFLAGS_value='-static-libstdc++ -static-libgcc '
ac_cv_env_LIBS_set=
ac_cv_env_LIBS_value=
ac_cv_env_XMKMF_set=
ac_cv_env_XMKMF_value=
ac_cv_env_build_alias_set=set
ac_cv_env_build_alias_value=x86_64-pc-linux-gnu
ac_cv_env_host_alias_set=set
ac_cv_env_host_alias_value=mipsel-linux
ac_cv_env_target_alias_set=set
ac_cv_env_target_alias_value=mipsel-linux
ac_cv_func___setfpucw=no
ac_cv_func_aint=no
ac_cv_func_anint=no
ac_cv_func_dlopen=yes
ac_cv_func_ftruncate=yes
ac_cv_func_getrusage=yes
ac_cv_func_lstat=yes
ac_cv_func_mmap=yes
ac_cv_func_munmap=yes
ac_cv_func_posix_fallocate=yes
ac_cv_func_shl_load=no
ac_cv_func_sigaction=yes
ac_cv_func_sqrt=yes
ac_cv_func_time=yes
ac_cv_func_truncate=yes
ac_cv_have_x=have_x=no
ac_cv_header_dirent_dirent_h=yes
ac_cv_header_dlfcn_h=yes
ac_cv_header_errno_h=yes
ac_cv_header_fcntl_h=yes
ac_cv_header_fpu_control_h=yes
ac_cv_header_inttypes_h=yes
ac_cv_header_memory_h=yes
ac_cv_header_minix_config_h=no
ac_cv_header_stdc=yes
ac_cv_header_stdint_h=yes
ac_cv_header_stdlib_h=yes
ac_cv_header_string_h=yes
ac_cv_header_strings_h=yes
ac_cv_header_sys_mman_h=yes
ac_cv_header_sys_resource_h=yes
ac_cv_header_sys_stat_h=yes
ac_cv_header_sys_time_h=yes
ac_cv_header_sys_times_h=yes
ac_cv_header_sys_types_h=yes
ac_cv_header_time_h=yes
ac_cv_header_unistd_h=yes
ac_cv_header_windows_h=no
ac_cv_host=mipsel-unknown-linux-gnu
ac_cv_lib_dld_shl_load=no
ac_cv_lib_m_fabs=yes
ac_cv_lib_nsl_gethostbyname=yes
ac_cv_lib_socket_bind=no
ac_cv_member_struct_stat_st_atime=yes
ac_cv_member_struct_stat_st_blksize=yes
ac_cv_member_struct_stat_st_blocks=yes
ac_cv_member_struct_stat_st_ctime=yes
ac_cv_member_struct_stat_st_dev=yes
ac_cv_member_struct_stat_st_gid=yes
ac_cv_member_struct_stat_st_ino=yes
ac_cv_member_struct_stat_st_mode=yes
ac_cv_member_struct_stat_st_mtime=yes
ac_cv_member_struct_stat_st_nlink=yes
ac_cv_member_struct_stat_st_rdev=yes
ac_cv_member_struct_stat_st_size=yes
ac_cv_member_struct_stat_st_uid=yes
ac_cv_objext=o
ac_cv_path_EGREP='/usr/bin/grep -E'
ac_cv_path_FGREP='/usr/bin/grep -F'
ac_cv_path_GREP=/usr/bin/grep
ac_cv_path_SED=/usr/bin/sed
ac_cv_prog_AR=/opt/mipsel-buildroot-linux-gnu_sdk-buildroot/bin/mips-mti-linux-gnu-ar
ac_cv_prog_AWK=mawk
ac_cv_prog_CC=/opt/mipsel-buildroot-linux-gnu_sdk-buildroot/bin/mips-mti-linux-gnu-gcc
ac_cv_prog_CPP='/opt/mipsel-buildroot-linux-gnu_sdk-buildroot/bin/mips-mti-linux-gnu-gcc -E'
ac_cv_prog_MAKE=make
ac_cv_prog_OBJDUMP=mipsel-linux-objdump
ac_cv_prog_RANLIB=/opt/mipsel-buildroot-linux-gnu_sdk-buildroot/bin/mips-mti-linux-gnu-ranlib
ac_cv_prog_STRIP=/opt/mipsel-buildroot-linux-gnu_sdk-buildroot/bin/mips-mti-linux-gnu-strip
ac_cv_prog_cc_c89=
ac_cv_prog_cc_g=yes
ac_cv_safe_to_define___extensions__=yes
ac_cv_search_dlopen=-ldl
ac_cv_search_opendir='none required'
ac_cv_target=mipsel-unknown-linux-gnu
ac_cv_type_signal=void
ac_cv_type_socklen_t=yes
am_cv_CC_dependencies_compiler_type=gcc3
lt_cv_deplibs_check_method=pass_all
lt_cv_dlopen=dlopen
lt_cv_dlopen_libs=
lt_cv_dlopen_self=cross
lt_cv_file_magic_cmd='$MAGIC_CMD'
lt_cv_file_magic_test_file=
lt_cv_ld_reload_flag=-r
lt_cv_nm_interface='BSD nm'
lt_cv_objdir=.libs
lt_cv_path_LD=/opt/mipsel-buildroot-linux-gnu_sdk-buildroot/bin/mips-mti-linux-gnu-ld
lt_cv_path_NM=mipsel-linux-nm
lt_cv_prog_compiler_c_o=yes
lt_cv_prog_compiler_pic_works=yes
lt_cv_prog_compiler_rtti_exceptions=no
lt_cv_prog_compiler_static_works=yes
lt_cv_prog_gnu_ld=yes
lt_cv_shlibpath_overrides_runpath=no
lt_cv_sys_global_symbol_pipe=
lt_cv_sys_global_symbol_to_c_name_address='sed -n -e '\''s/^: \([^ ]*\) $/  {\"\1\", (void *) 0},/p'\'' -e '\''s/^[BCDEGRST]* \([^ ]*\) \([^ ]*\)$/  {"\2", (void *) \&\2},/p'\'''
lt_cv_sys_global_symbol_to_c_name_address_lib_prefix='sed -n -e '\''s/^: \([^ ]*\) $/  {\"\1\", (void *) 0},/p'\'' -e '\''s/^[BCDEGRST]* \([^ ]*\) \(lib[^ ]*\)$/  {"\2", (void *) \&\2},/p'\'' -e '\''s/^[BCDEGRST]* \([^ ]*\) \([^ ]*\)$/  {"lib\2", (void *) \&\2},/p'\'''
lt_cv_sys_global_symbol_to_cdecl=
lt_cv_sys_max_cmd_len=1572864

## ----------------- ##
## Output variables. ##
## ----------------- ##

AR='/opt/mipsel-buildroot-linux-gnu_sdk-buildroot/bin/mips-mti-linux-gnu-ar'
AR_FLAGS_FOR_BUILD='rc'
AR_FOR_BUILD='ar'
CC='/opt/mipsel-buildroot-linux-gnu_sdk-buildroot/bin/mips-mti-linux-gnu-gcc'
CC_FOR_BUILD='gcc'
CFLAGS='-O2 -march=mips32r2'
CFLAGS_FOR_BUILD=''
CPP='/opt/mipsel-buildroot-linux-gnu_sdk-buildroot/bin/mips-mti-linux-gnu-gcc -E'
CPPFLAGS=''
DEFS='-DHAVE_CONFIG_H'
ECHO_C=''
ECHO_N='-n'
ECHO_T=''
EGREP='/usr/bin/grep -E'
EXEEXT=''
GREP='/usr/bin/grep'
INSTALL_DATA='/usr/bin/install -c -m 644'
INSTALL_PROGRAM='/usr/bin/install -c'
INSTALL_SCRIPT='/usr/bin/install -c'
LDFLAGS='-static-libstdc++ -static-libgcc '
LIBIBERTY_LIB=''
LIBOBJS=''
LIBS=''
LTLIBOBJS=''
OBJEXT='o'
PACKAGE_BUGREPORT=''
PACKAGE_NAME=''
PACKAGE_STRING=''
PACKAGE_TARNAME=''
PACKAGE_URL=''
PACKAGE_VERSION=''
PATH_SEPARATOR=':'
RANLIB='/opt/mipsel-buildroot-linux-gnu_sdk-buildroot/bin/mips-mti-linux-gnu-ranlib'
RANLIB_FOR_BUILD='ranlib'
SHELL='/bin/bash'
WARN_CFLAGS=' -Wall -Wdeclaration-after-statement -Wpointer-arith -Wpointer-sign -Wno-unused -Wunused-value -Wunused-function -Wno-switch -Wno-char-subscripts -Wmissing-prototypes -Wdeclaration-after-statement -Wempty-body -Wmissing-parameter-type -Wold-style-declaration -Wold-style-definition -Wformat-nonliteral'
WERROR_CFLAGS=''
ac_ct_CC=''
bindir='${exec_prefix}/bin'
build='x86_64-pc-linux-gnu'
build_alias='x86_64-pc-linux-gnu'
build_cpu='x86_64'
build_os='linux-gnu'
build_vendor='pc'
datadir='${datarootdir}'
datarootdir='${prefix}/share'
docdir='${datarootdir}/doc/${PACKAGE}'
dvidir='${docdir}'
exec_prefix='${prefix}'
host='mipsel-unknown-linux-gnu'
host_alias='mipsel-linux'
host_cpu='mipsel'
host_os='linux-gnu'
host_vendor='unknown'
htmldir='${docdir}'
includedir='${prefix}/include'
infodir='${datarootdir}/info'
libdir='${exec_prefix}/lib'
libexecdir='${exec_prefix}/libexec'
localedir='${datarootdir}/locale'
localstatedir='${prefix}/var'
mandir='${datarootdir}/man'
oldincludedir='/usr/include'
pdfdir='${docdir}'
prefix='/workspace/gdb-mipsel-static'
program_transform_name='s,y,y,'
psdir='${docdir}'
sbindir='${exec_prefix}/sbin'
sharedstatedir='${prefix}/com'
sim_alignment=''
sim_bitsize=''
sim_default_model=''
sim_endian=''
sim_float=''
sim_hw=''
sim_hw_cflags=''
sim_hw_objs=''
sim_inline=''
sim_reserved_bits=''
sim_scache=''
sysconfdir='${prefix}/etc'
target='mipsel-unknown-linux-gnu'
target_alias='mipsel-linux'
target_cpu='mipsel'
target_os='linux-gnu'
target_vendor='unknown'

## ----------- ##
## confdefs.h. ##
## ----------- ##

/* confdefs.h */
#define PACKAGE_NAME ""
#define PACKAGE_TARNAME ""
#define PACKAGE_VERSION ""
#define PACKAGE_STRING ""
#define PACKAGE_BUGREPORT ""
#define PACKAGE_URL ""
#define STDC_HEADERS 1
#define HAVE_SYS_TYPES_H 1
#define HAVE_SYS_STAT_H 1
#define HAVE_STDLIB_H 1
#define HAVE_STRING_H 1
#define HAVE_MEMORY_H 1
#define HAVE_STRINGS_H 1
#define HAVE_INTTYPES_H 1
#define HAVE_STDINT_H 1
#define HAVE_UNISTD_H 1
#define HAVE_STDLIB_H 1
#define HAVE_STRING_H 1
#define HAVE_STRINGS_H 1
#define HAVE_SYS_STAT_H 1
#define HAVE_SYS_TYPES_H 1
#define HAVE_UNISTD_H 1
#define HAVE_DIRENT_H 1

configure: exit 0
