This file contains any messages produced by compilers while
running configure, to aid debugging if configure makes a mistake.

It was created by configure, which was
generated by GNU Autoconf 2.64.  Invocation command line was

  $ /workspace/gdb-7.12.1/zlib/configure --srcdir=.././zlib --cache-file=./config.cache --disable-werror --disable-nls --disable-shared --enable-static --without-python --without-expat --without-gmp --without-mpfr --prefix=/workspace/gdb-mipsel-static --program-transform-name=s,y,y, --disable-option-checking --build=x86_64-pc-linux-gnu --host=mipsel-linux --target=mipsel-linux

## --------- ##
## Platform. ##
## --------- ##

hostname = d60c47c747e8
uname -m = x86_64
uname -r = 6.8.0-60-generic
uname -s = Linux
uname -v = #63-Ubuntu SMP PREEMPT_DYNAMIC Tue Apr 15 19:04:15 UTC 2025

/usr/bin/uname -p = unknown
/bin/uname -X     = unknown

/bin/arch              = x86_64
/usr/bin/arch -k       = unknown
/usr/convex/getsysinfo = unknown
/usr/bin/hostinfo      = unknown
/bin/machine           = unknown
/usr/bin/oslevel       = unknown
/bin/universe          = unknown

PATH: /opt/mipsel-buildroot-linux-gnu_sdk-buildroot/bin
PATH: /usr/local/sbin
PATH: /usr/local/bin
PATH: /usr/sbin
PATH: /usr/bin
PATH: /sbin
PATH: /bin


## ----------- ##
## Core tests. ##
## ----------- ##

configure:2107: creating cache ./config.cache
configure:2252: checking build system type
configure:2266: result: x86_64-pc-linux-gnu
configure:2286: checking host system type
configure:2299: result: mipsel-unknown-linux-gnu
configure:2319: checking target system type
configure:2332: result: mipsel-unknown-linux-gnu
configure:2380: checking for a BSD-compatible install
configure:2448: result: /usr/bin/install -c
configure:2459: checking whether build environment is sane
configure:2509: result: yes
configure:2558: checking for mipsel-linux-strip
configure:2585: result: /opt/mipsel-buildroot-linux-gnu_sdk-buildroot/bin/mips-mti-linux-gnu-strip
configure:2650: checking for a thread-safe mkdir -p
configure:2689: result: /usr/bin/mkdir -p
configure:2702: checking for gawk
configure:2729: result: mawk
configure:2740: checking whether make sets $(MAKE)
configure:2762: result: yes
configure:2844: checking whether to enable maintainer-specific portions of Makefiles
configure:2853: result: no
configure:2924: checking for mipsel-linux-gcc
configure:2951: result: /opt/mipsel-buildroot-linux-gnu_sdk-buildroot/bin/mips-mti-linux-gnu-gcc
configure:3220: checking for C compiler version
configure:3229: /opt/mipsel-buildroot-linux-gnu_sdk-buildroot/bin/mips-mti-linux-gnu-gcc --version >&5
mips-mti-linux-gnu-gcc (Codescape GNU Tools 2018.09-02 for MIPS MTI Linux) 6.3.0
Copyright (C) 2016 Free Software Foundation, Inc.
This is free software; see the source for copying conditions.  There is NO
warranty; not even for MERCHANTABILITY or FITNESS FOR A PARTICULAR PURPOSE.

configure:3240: $? = 0
configure:3229: /opt/mipsel-buildroot-linux-gnu_sdk-buildroot/bin/mips-mti-linux-gnu-gcc -v >&5
Using built-in specs.
COLLECT_GCC=/opt/mipsel-buildroot-linux-gnu_sdk-buildroot/opt/ext-toolchain/bin/mips-mti-linux-gnu-gcc
COLLECT_LTO_WRAPPER=/opt/mipsel-buildroot-linux-gnu_sdk-buildroot/opt/ext-toolchain/bin/../libexec/gcc/mips-mti-linux-gnu/6.3.0/lto-wrapper
Target: mips-mti-linux-gnu
Configured with: /scratch/overtest/root/69361/240198/shared/gcc/configure --prefix=/scratch/overtest/root/69361/240300/shared/mips-mti-linux-gnu/2018.09-02 --host=x86_64-pc-linux-gnu --build=x86_64-pc-linux-gnu --disable-libssp --disable-libmudflap --disable-decimal-float --with-mips-plt --target=mips-mti-linux-gnu --enable-languages=c,c++,fortran --with-sysroot=/scratch/overtest/root/69361/240300/shared/mips-mti-linux-gnu/2018.09-02/sysroot --enable-__cxa_atexit --with-bugurl=http://mips.com/mips-sdk-support/ --with-pkgversion='Codescape GNU Tools 2018.09-02 for MIPS MTI Linux'
Thread model: posix
gcc version 6.3.0 (Codescape GNU Tools 2018.09-02 for MIPS MTI Linux) 
configure:3240: $? = 0
configure:3229: /opt/mipsel-buildroot-linux-gnu_sdk-buildroot/bin/mips-mti-linux-gnu-gcc -V >&5
mips-mti-linux-gnu-gcc: error: unrecognized command line option '-V'
mips-mti-linux-gnu-gcc: fatal error: no input files
compilation terminated.
configure:3240: $? = 1
configure:3229: /opt/mipsel-buildroot-linux-gnu_sdk-buildroot/bin/mips-mti-linux-gnu-gcc -qversion >&5
mips-mti-linux-gnu-gcc: error: unrecognized command line option '-qversion'; did you mean '--version'?
mips-mti-linux-gnu-gcc: fatal error: no input files
compilation terminated.
configure:3240: $? = 1
configure:3256: /opt/mipsel-buildroot-linux-gnu_sdk-buildroot/bin/mips-mti-linux-gnu-gcc -o conftest -O2 -march=mips32r2  -static-libstdc++ -static-libgcc  conftest.c  >&5
configure:3259: $? = 0
configure:3288: checking for C compiler default output file name
configure:3310: /opt/mipsel-buildroot-linux-gnu_sdk-buildroot/bin/mips-mti-linux-gnu-gcc -O2 -march=mips32r2  -static-libstdc++ -static-libgcc  conftest.c  >&5
configure:3314: $? = 0
configure:3351: result: a.out
configure:3367: checking whether the C compiler works
configure:3395: result: yes
configure:3402: checking whether we are cross compiling
configure:3404: result: yes
configure:3407: checking for suffix of executables
configure:3414: /opt/mipsel-buildroot-linux-gnu_sdk-buildroot/bin/mips-mti-linux-gnu-gcc -o conftest -O2 -march=mips32r2  -static-libstdc++ -static-libgcc  conftest.c  >&5
configure:3418: $? = 0
configure:3440: result: 
configure:3447: checking for suffix of object files
configure:3469: /opt/mipsel-buildroot-linux-gnu_sdk-buildroot/bin/mips-mti-linux-gnu-gcc -c -O2 -march=mips32r2  conftest.c >&5
configure:3473: $? = 0
configure:3494: result: o
configure:3498: checking whether we are using the GNU C compiler
configure:3517: /opt/mipsel-buildroot-linux-gnu_sdk-buildroot/bin/mips-mti-linux-gnu-gcc -c -O2 -march=mips32r2  conftest.c >&5
configure:3517: $? = 0
configure:3526: result: yes
configure:3535: checking whether /opt/mipsel-buildroot-linux-gnu_sdk-buildroot/bin/mips-mti-linux-gnu-gcc accepts -g
configure:3555: /opt/mipsel-buildroot-linux-gnu_sdk-buildroot/bin/mips-mti-linux-gnu-gcc -c -g  conftest.c >&5
configure:3555: $? = 0
configure:3596: result: yes
configure:3613: checking for /opt/mipsel-buildroot-linux-gnu_sdk-buildroot/bin/mips-mti-linux-gnu-gcc option to accept ISO C89
configure:3677: /opt/mipsel-buildroot-linux-gnu_sdk-buildroot/bin/mips-mti-linux-gnu-gcc  -c -O2 -march=mips32r2  conftest.c >&5
configure:3677: $? = 0
configure:3690: result: none needed
configure:3721: checking for style of include used by make
configure:3749: result: GNU
configure:3775: checking dependency style of /opt/mipsel-buildroot-linux-gnu_sdk-buildroot/bin/mips-mti-linux-gnu-gcc
configure:3886: result: gcc3
configure:3951: checking how to print strings
configure:3978: result: printf
configure:3999: checking for a sed that does not truncate output
configure:4063: result: /usr/bin/sed
configure:4081: checking for grep that handles long lines and -e
configure:4139: result: /usr/bin/grep
configure:4144: checking for egrep
configure:4206: result: /usr/bin/grep -E
configure:4211: checking for fgrep
configure:4273: result: /usr/bin/grep -F
configure:4308: checking for ld used by /opt/mipsel-buildroot-linux-gnu_sdk-buildroot/bin/mips-mti-linux-gnu-gcc
configure:4375: result: /opt/mipsel-buildroot-linux-gnu_sdk-buildroot/bin/mips-mti-linux-gnu-ld
configure:4382: checking if the linker (/opt/mipsel-buildroot-linux-gnu_sdk-buildroot/bin/mips-mti-linux-gnu-ld) is GNU ld
configure:4397: result: yes
configure:4409: checking for BSD- or MS-compatible name lister (nm)
configure:4458: result: mipsel-linux-nm
configure:4588: checking the name lister (mipsel-linux-nm) interface
configure:4595: /opt/mipsel-buildroot-linux-gnu_sdk-buildroot/bin/mips-mti-linux-gnu-gcc -c -O2 -march=mips32r2  conftest.c >&5
configure:4598: mipsel-linux-nm "conftest.o"
/workspace/gdb-7.12.1/zlib/configure: line 4599: mipsel-linux-nm: command not found
configure:4601: output
configure:4608: result: BSD nm
configure:4611: checking whether ln -s works
configure:4615: result: yes
configure:4623: checking the maximum length of command line arguments
configure:4748: result: 1572864
configure:4765: checking whether the shell understands some XSI constructs
configure:4775: result: yes
configure:4779: checking whether the shell understands "+="
configure:4785: result: yes
configure:4820: checking for /opt/mipsel-buildroot-linux-gnu_sdk-buildroot/bin/mips-mti-linux-gnu-ld option to reload object files
configure:4827: result: -r
configure:4856: checking for mipsel-linux-objdump
configure:4883: result: mipsel-linux-objdump
configure:4955: checking how to recognize dependent libraries
configure:5156: result: pass_all
configure:5176: checking for mipsel-linux-ar
configure:5203: result: /opt/mipsel-buildroot-linux-gnu_sdk-buildroot/bin/mips-mti-linux-gnu-ar
configure:5281: checking for mipsel-linux-strip
configure:5308: result: /opt/mipsel-buildroot-linux-gnu_sdk-buildroot/bin/mips-mti-linux-gnu-strip
configure:5380: checking for mipsel-linux-ranlib
configure:5407: result: /opt/mipsel-buildroot-linux-gnu_sdk-buildroot/bin/mips-mti-linux-gnu-ranlib
configure:5549: checking command to parse mipsel-linux-nm output from /opt/mipsel-buildroot-linux-gnu_sdk-buildroot/bin/mips-mti-linux-gnu-gcc object
configure:5667: /opt/mipsel-buildroot-linux-gnu_sdk-buildroot/bin/mips-mti-linux-gnu-gcc -c -O2 -march=mips32r2  conftest.c >&5
configure:5670: $? = 0
configure:5674: mipsel-linux-nm conftest.o \| sed -n -e 's/^.*[ ]\([BCDEGRST][BCDEGRST]*\)[ ][ ]*\([_A-Za-z][_A-Za-z0-9]*\)$/\1 \2 \2/p' \> conftest.nm
/workspace/gdb-7.12.1/zlib/configure: line 5675: mipsel-linux-nm: command not found
configure:5677: $? = 0
cannot run sed -n -e 's/^.*[	 ]\([BCDEGRST][BCDEGRST]*\)[	 ][	 ]*\([_A-Za-z][_A-Za-z0-9]*\)$/\1 \2 \2/p'
configure:5667: /opt/mipsel-buildroot-linux-gnu_sdk-buildroot/bin/mips-mti-linux-gnu-gcc -c -O2 -march=mips32r2  conftest.c >&5
configure:5670: $? = 0
configure:5674: mipsel-linux-nm conftest.o \| sed -n -e 's/^.*[ ]\([BCDEGRST][BCDEGRST]*\)[ ][ ]*_\([_A-Za-z][_A-Za-z0-9]*\)$/\1 _\2 \2/p' \> conftest.nm
/workspace/gdb-7.12.1/zlib/configure: line 5675: mipsel-linux-nm: command not found
configure:5677: $? = 0
cannot run sed -n -e 's/^.*[	 ]\([BCDEGRST][BCDEGRST]*\)[	 ][	 ]*_\([_A-Za-z][_A-Za-z0-9]*\)$/\1 _\2 \2/p'
configure:5769: result: failed
configure:6630: checking how to run the C preprocessor
configure:6661: /opt/mipsel-buildroot-linux-gnu_sdk-buildroot/bin/mips-mti-linux-gnu-gcc -E  conftest.c
configure:6661: $? = 0
configure:6675: /opt/mipsel-buildroot-linux-gnu_sdk-buildroot/bin/mips-mti-linux-gnu-gcc -E  conftest.c
conftest.c:11:28: fatal error: ac_nonexistent.h: No such file or directory
 #include <ac_nonexistent.h>
                            ^
compilation terminated.
configure:6675: $? = 1
configure: failed program was:
| /* confdefs.h */
| #define PACKAGE_NAME ""
| #define PACKAGE_TARNAME ""
| #define PACKAGE_VERSION ""
| #define PACKAGE_STRING ""
| #define PACKAGE_BUGREPORT ""
| #define PACKAGE_URL ""
| #define PACKAGE "zlib"
| #define VERSION "1.1.4"
| /* end confdefs.h.  */
| #include <ac_nonexistent.h>
configure:6700: result: /opt/mipsel-buildroot-linux-gnu_sdk-buildroot/bin/mips-mti-linux-gnu-gcc -E
configure:6720: /opt/mipsel-buildroot-linux-gnu_sdk-buildroot/bin/mips-mti-linux-gnu-gcc -E  conftest.c
configure:6720: $? = 0
configure:6734: /opt/mipsel-buildroot-linux-gnu_sdk-buildroot/bin/mips-mti-linux-gnu-gcc -E  conftest.c
conftest.c:11:28: fatal error: ac_nonexistent.h: No such file or directory
 #include <ac_nonexistent.h>
                            ^
compilation terminated.
configure:6734: $? = 1
configure: failed program was:
| /* confdefs.h */
| #define PACKAGE_NAME ""
| #define PACKAGE_TARNAME ""
| #define PACKAGE_VERSION ""
| #define PACKAGE_STRING ""
| #define PACKAGE_BUGREPORT ""
| #define PACKAGE_URL ""
| #define PACKAGE "zlib"
| #define VERSION "1.1.4"
| /* end confdefs.h.  */
| #include <ac_nonexistent.h>
configure:6763: checking for ANSI C header files
configure:6783: /opt/mipsel-buildroot-linux-gnu_sdk-buildroot/bin/mips-mti-linux-gnu-gcc -c -O2 -march=mips32r2  conftest.c >&5
configure:6783: $? = 0
configure:6867: result: yes
configure:6880: checking for sys/types.h
configure:6880: /opt/mipsel-buildroot-linux-gnu_sdk-buildroot/bin/mips-mti-linux-gnu-gcc -c -O2 -march=mips32r2  conftest.c >&5
configure:6880: $? = 0
configure:6880: result: yes
configure:6880: checking for sys/stat.h
configure:6880: /opt/mipsel-buildroot-linux-gnu_sdk-buildroot/bin/mips-mti-linux-gnu-gcc -c -O2 -march=mips32r2  conftest.c >&5
configure:6880: $? = 0
configure:6880: result: yes
configure:6880: checking for stdlib.h
configure:6880: /opt/mipsel-buildroot-linux-gnu_sdk-buildroot/bin/mips-mti-linux-gnu-gcc -c -O2 -march=mips32r2  conftest.c >&5
configure:6880: $? = 0
configure:6880: result: yes
configure:6880: checking for string.h
configure:6880: /opt/mipsel-buildroot-linux-gnu_sdk-buildroot/bin/mips-mti-linux-gnu-gcc -c -O2 -march=mips32r2  conftest.c >&5
configure:6880: $? = 0
configure:6880: result: yes
configure:6880: checking for memory.h
configure:6880: /opt/mipsel-buildroot-linux-gnu_sdk-buildroot/bin/mips-mti-linux-gnu-gcc -c -O2 -march=mips32r2  conftest.c >&5
configure:6880: $? = 0
configure:6880: result: yes
configure:6880: checking for strings.h
configure:6880: /opt/mipsel-buildroot-linux-gnu_sdk-buildroot/bin/mips-mti-linux-gnu-gcc -c -O2 -march=mips32r2  conftest.c >&5
configure:6880: $? = 0
configure:6880: result: yes
configure:6880: checking for inttypes.h
configure:6880: /opt/mipsel-buildroot-linux-gnu_sdk-buildroot/bin/mips-mti-linux-gnu-gcc -c -O2 -march=mips32r2  conftest.c >&5
configure:6880: $? = 0
configure:6880: result: yes
configure:6880: checking for stdint.h
configure:6880: /opt/mipsel-buildroot-linux-gnu_sdk-buildroot/bin/mips-mti-linux-gnu-gcc -c -O2 -march=mips32r2  conftest.c >&5
configure:6880: $? = 0
configure:6880: result: yes
configure:6880: checking for unistd.h
configure:6880: /opt/mipsel-buildroot-linux-gnu_sdk-buildroot/bin/mips-mti-linux-gnu-gcc -c -O2 -march=mips32r2  conftest.c >&5
configure:6880: $? = 0
configure:6880: result: yes
configure:6895: checking for dlfcn.h
configure:6895: /opt/mipsel-buildroot-linux-gnu_sdk-buildroot/bin/mips-mti-linux-gnu-gcc -c -O2 -march=mips32r2  conftest.c >&5
configure:6895: $? = 0
configure:6895: result: yes
configure:7082: checking for objdir
configure:7097: result: .libs
configure:7368: checking if /opt/mipsel-buildroot-linux-gnu_sdk-buildroot/bin/mips-mti-linux-gnu-gcc supports -fno-rtti -fno-exceptions
configure:7386: /opt/mipsel-buildroot-linux-gnu_sdk-buildroot/bin/mips-mti-linux-gnu-gcc -c -O2 -march=mips32r2  -fno-rtti -fno-exceptions conftest.c >&5
cc1: warning: command line option '-fno-rtti' is valid for C++/ObjC++ but not for C
configure:7390: $? = 0
configure:7403: result: no
configure:7423: checking for /opt/mipsel-buildroot-linux-gnu_sdk-buildroot/bin/mips-mti-linux-gnu-gcc option to produce PIC
configure:7709: result: -fPIC -DPIC
configure:7721: checking if /opt/mipsel-buildroot-linux-gnu_sdk-buildroot/bin/mips-mti-linux-gnu-gcc PIC flag -fPIC -DPIC works
configure:7739: /opt/mipsel-buildroot-linux-gnu_sdk-buildroot/bin/mips-mti-linux-gnu-gcc -c -O2 -march=mips32r2  -fPIC -DPIC -DPIC conftest.c >&5
configure:7743: $? = 0
configure:7756: result: yes
configure:7780: checking if /opt/mipsel-buildroot-linux-gnu_sdk-buildroot/bin/mips-mti-linux-gnu-gcc static flag -static works
configure:7808: result: yes
configure:7823: checking if /opt/mipsel-buildroot-linux-gnu_sdk-buildroot/bin/mips-mti-linux-gnu-gcc supports -c -o file.o
configure:7844: /opt/mipsel-buildroot-linux-gnu_sdk-buildroot/bin/mips-mti-linux-gnu-gcc -c -O2 -march=mips32r2  -o out/conftest2.o conftest.c >&5
configure:7848: $? = 0
configure:7870: result: yes
configure:7878: checking if /opt/mipsel-buildroot-linux-gnu_sdk-buildroot/bin/mips-mti-linux-gnu-gcc supports -c -o file.o
configure:7925: result: yes
configure:7958: checking whether the /opt/mipsel-buildroot-linux-gnu_sdk-buildroot/bin/mips-mti-linux-gnu-gcc linker (/opt/mipsel-buildroot-linux-gnu_sdk-buildroot/bin/mips-mti-linux-gnu-ld) supports shared libraries
configure:9038: result: yes
configure:9283: checking dynamic linker characteristics
configure:9737: /opt/mipsel-buildroot-linux-gnu_sdk-buildroot/bin/mips-mti-linux-gnu-gcc -o conftest -O2 -march=mips32r2  -static-libstdc++ -static-libgcc  -Wl,-rpath -Wl,/foo conftest.c  >&5
configure:9737: $? = 0
configure:9959: result: GNU/Linux ld.so
configure:10066: checking how to hardcode library paths into programs
configure:10091: result: immediate
configure:10646: checking whether stripping libraries is possible
configure:10651: result: yes
configure:10686: checking if libtool supports shared libraries
configure:10688: result: yes
configure:10691: checking whether to build shared libraries
configure:10712: result: no
configure:10715: checking whether to build static libraries
configure:10719: result: yes
configure:10762: checking how to run the C preprocessor
configure:10832: result: /opt/mipsel-buildroot-linux-gnu_sdk-buildroot/bin/mips-mti-linux-gnu-gcc -E
configure:10852: /opt/mipsel-buildroot-linux-gnu_sdk-buildroot/bin/mips-mti-linux-gnu-gcc -E  conftest.c
configure:10852: $? = 0
configure:10866: /opt/mipsel-buildroot-linux-gnu_sdk-buildroot/bin/mips-mti-linux-gnu-gcc -E  conftest.c
conftest.c:23:28: fatal error: ac_nonexistent.h: No such file or directory
 #include <ac_nonexistent.h>
                            ^
compilation terminated.
configure:10866: $? = 1
configure: failed program was:
| /* confdefs.h */
| #define PACKAGE_NAME ""
| #define PACKAGE_TARNAME ""
| #define PACKAGE_VERSION ""
| #define PACKAGE_STRING ""
| #define PACKAGE_BUGREPORT ""
| #define PACKAGE_URL ""
| #define PACKAGE "zlib"
| #define VERSION "1.1.4"
| #define STDC_HEADERS 1
| #define HAVE_SYS_TYPES_H 1
| #define HAVE_SYS_STAT_H 1
| #define HAVE_STDLIB_H 1
| #define HAVE_STRING_H 1
| #define HAVE_MEMORY_H 1
| #define HAVE_STRINGS_H 1
| #define HAVE_INTTYPES_H 1
| #define HAVE_STDINT_H 1
| #define HAVE_UNISTD_H 1
| #define HAVE_DLFCN_H 1
| #define LT_OBJDIR ".libs/"
| /* end confdefs.h.  */
| #include <ac_nonexistent.h>
configure:10919: checking for stdlib.h
configure:10919: result: yes
configure:10919: checking for unistd.h
configure:10919: result: yes
configure:10932: checking for getpagesize
configure:10932: /opt/mipsel-buildroot-linux-gnu_sdk-buildroot/bin/mips-mti-linux-gnu-gcc -o conftest -O2 -march=mips32r2  -static-libstdc++ -static-libgcc  conftest.c  >&5
configure:10932: $? = 0
configure:10932: result: yes
configure:10941: checking for working mmap
configure:11088: result: no
configure:11101: checking for memcpy
configure:11101: /opt/mipsel-buildroot-linux-gnu_sdk-buildroot/bin/mips-mti-linux-gnu-gcc -o conftest -O2 -march=mips32r2  -static-libstdc++ -static-libgcc  conftest.c  >&5
conftest.c:49:6: warning: conflicting types for built-in function 'memcpy'
 char memcpy ();
      ^~~~~~
configure:11101: $? = 0
configure:11101: result: yes
configure:11101: checking for strerror
configure:11101: /opt/mipsel-buildroot-linux-gnu_sdk-buildroot/bin/mips-mti-linux-gnu-gcc -o conftest -O2 -march=mips32r2  -static-libstdc++ -static-libgcc  conftest.c  >&5
configure:11101: $? = 0
configure:11101: result: yes
configure:11167: checking for unistd.h
configure:11167: result: yes
configure:11281: updating cache ./config.cache
configure:11378: creating ./config.status

## ---------------------- ##
## Running config.status. ##
## ---------------------- ##

This file was extended by config.status, which was
generated by GNU Autoconf 2.64.  Invocation command line was

  CONFIG_FILES    = 
  CONFIG_HEADERS  = 
  CONFIG_LINKS    = 
  CONFIG_COMMANDS = 
  $ ./config.status 

on d60c47c747e8

config.status:1016: creating Makefile
config.status:1179: executing depfiles commands
config.status:1179: executing libtool commands

## ---------------- ##
## Cache variables. ##
## ---------------- ##

ac_cv_build=x86_64-pc-linux-gnu
ac_cv_c_compiler_gnu=yes
ac_cv_env_CPPFLAGS_set=
ac_cv_env_CPPFLAGS_value=
ac_cv_env_CPP_set=
ac_cv_env_CPP_value=
ac_cv_env_build_alias_set=set
ac_cv_env_build_alias_value=x86_64-pc-linux-gnu
ac_cv_env_host_alias_set=set
ac_cv_env_host_alias_value=mipsel-linux
ac_cv_env_target_alias_set=set
ac_cv_env_target_alias_value=mipsel-linux
ac_cv_func_getpagesize=yes
ac_cv_func_memcpy=yes
ac_cv_func_mmap_fixed_mapped=no
ac_cv_func_strerror=yes
ac_cv_header_dlfcn_h=yes
ac_cv_header_inttypes_h=yes
ac_cv_header_memory_h=yes
ac_cv_header_stdc=yes
ac_cv_header_stdint_h=yes
ac_cv_header_stdlib_h=yes
ac_cv_header_string_h=yes
ac_cv_header_strings_h=yes
ac_cv_header_sys_stat_h=yes
ac_cv_header_sys_types_h=yes
ac_cv_header_unistd_h=yes
ac_cv_host=mipsel-unknown-linux-gnu
ac_cv_objext=o
ac_cv_path_EGREP='/usr/bin/grep -E'
ac_cv_path_FGREP='/usr/bin/grep -F'
ac_cv_path_GREP=/usr/bin/grep
ac_cv_path_SED=/usr/bin/sed
ac_cv_path_mkdir=/usr/bin/mkdir
ac_cv_prog_AR=/opt/mipsel-buildroot-linux-gnu_sdk-buildroot/bin/mips-mti-linux-gnu-ar
ac_cv_prog_AWK=mawk
ac_cv_prog_CC=/opt/mipsel-buildroot-linux-gnu_sdk-buildroot/bin/mips-mti-linux-gnu-gcc
ac_cv_prog_CPP='/opt/mipsel-buildroot-linux-gnu_sdk-buildroot/bin/mips-mti-linux-gnu-gcc -E'
ac_cv_prog_OBJDUMP=mipsel-linux-objdump
ac_cv_prog_RANLIB=/opt/mipsel-buildroot-linux-gnu_sdk-buildroot/bin/mips-mti-linux-gnu-ranlib
ac_cv_prog_STRIP=/opt/mipsel-buildroot-linux-gnu_sdk-buildroot/bin/mips-mti-linux-gnu-strip
ac_cv_prog_cc_c89=
ac_cv_prog_cc_g=yes
ac_cv_prog_make_make_set=yes
ac_cv_target=mipsel-unknown-linux-gnu
am_cv_CC_dependencies_compiler_type=gcc3
lt_cv_deplibs_check_method=pass_all
lt_cv_file_magic_cmd='$MAGIC_CMD'
lt_cv_file_magic_test_file=
lt_cv_ld_reload_flag=-r
lt_cv_nm_interface='BSD nm'
lt_cv_objdir=.libs
lt_cv_path_LD=/opt/mipsel-buildroot-linux-gnu_sdk-buildroot/bin/mips-mti-linux-gnu-ld
lt_cv_path_NM=mipsel-linux-nm
lt_cv_prog_compiler_c_o=yes
lt_cv_prog_compiler_pic_works=yes
lt_cv_prog_compiler_rtti_exceptions=no
lt_cv_prog_compiler_static_works=yes
lt_cv_prog_gnu_ld=yes
lt_cv_shlibpath_overrides_runpath=no
lt_cv_sys_global_symbol_pipe=
lt_cv_sys_global_symbol_to_c_name_address='sed -n -e '\''s/^: \([^ ]*\) $/  {\"\1\", (void *) 0},/p'\'' -e '\''s/^[BCDEGRST]* \([^ ]*\) \([^ ]*\)$/  {"\2", (void *) \&\2},/p'\'''
lt_cv_sys_global_symbol_to_c_name_address_lib_prefix='sed -n -e '\''s/^: \([^ ]*\) $/  {\"\1\", (void *) 0},/p'\'' -e '\''s/^[BCDEGRST]* \([^ ]*\) \(lib[^ ]*\)$/  {"\2", (void *) \&\2},/p'\'' -e '\''s/^[BCDEGRST]* \([^ ]*\) \([^ ]*\)$/  {"lib\2", (void *) \&\2},/p'\'''
lt_cv_sys_global_symbol_to_cdecl=
lt_cv_sys_max_cmd_len=1572864

## ----------------- ##
## Output variables. ##
## ----------------- ##

ACLOCAL='${SHELL} /workspace/gdb-7.12.1/missing --run aclocal-1.11'
AMDEPBACKSLASH='\'
AMDEP_FALSE='#'
AMDEP_TRUE=''
AMTAR='$${TAR-tar}'
AR='/opt/mipsel-buildroot-linux-gnu_sdk-buildroot/bin/mips-mti-linux-gnu-ar'
AUTOCONF='${SHELL} /workspace/gdb-7.12.1/missing --run autoconf'
AUTOHEADER='${SHELL} /workspace/gdb-7.12.1/missing --run autoheader'
AUTOMAKE='${SHELL} /workspace/gdb-7.12.1/missing --run automake-1.11'
AWK='mawk'
CC='/opt/mipsel-buildroot-linux-gnu_sdk-buildroot/bin/mips-mti-linux-gnu-gcc'
CCDEPMODE='depmode=gcc3'
CFLAGS='-O2 -march=mips32r2'
COMPPATH='.'
CPP='/opt/mipsel-buildroot-linux-gnu_sdk-buildroot/bin/mips-mti-linux-gnu-gcc -E'
CPPFLAGS=''
CYGPATH_W='echo'
DEFS='-DPACKAGE_NAME=\"\" -DPACKAGE_TARNAME=\"\" -DPACKAGE_VERSION=\"\" -DPACKAGE_STRING=\"\" -DPACKAGE_BUGREPORT=\"\" -DPACKAGE_URL=\"\" -DPACKAGE=\"zlib\" -DVERSION=\"1.1.4\" -DSTDC_HEADERS=1 -DHAVE_SYS_TYPES_H=1 -DHAVE_SYS_STAT_H=1 -DHAVE_STDLIB_H=1 -DHAVE_STRING_H=1 -DHAVE_MEMORY_H=1 -DHAVE_STRINGS_H=1 -DHAVE_INTTYPES_H=1 -DHAVE_STDINT_H=1 -DHAVE_UNISTD_H=1 -DHAVE_DLFCN_H=1 -DLT_OBJDIR=\".libs/\" -DHAVE_STDLIB_H=1 -DHAVE_UNISTD_H=1 -DHAVE_GETPAGESIZE=1 -DHAVE_MEMCPY=1 -DHAVE_STRERROR=1 -DHAVE_UNISTD_H=1'
DEPDIR='.deps'
DSYMUTIL=''
DUMPBIN=''
ECHO_C=''
ECHO_N='-n'
ECHO_T=''
EGREP='/usr/bin/grep -E'
EXEEXT=''
FGREP='/usr/bin/grep -F'
GREP='/usr/bin/grep'
INSTALL_DATA='/usr/bin/install -c -m 644'
INSTALL_PROGRAM='/usr/bin/install -c'
INSTALL_SCRIPT='/usr/bin/install -c'
INSTALL_STRIP_PROGRAM='$(install_sh) -c -s'
LD='/opt/mipsel-buildroot-linux-gnu_sdk-buildroot/bin/mips-mti-linux-gnu-ld'
LDFLAGS='-static-libstdc++ -static-libgcc '
LIBOBJS=''
LIBS=''
LIBTOOL='$(SHELL) $(top_builddir)/libtool'
LIPO=''
LN_S='ln -s'
LTLIBOBJS=''
MAINT='#'
MAINTAINER_MODE_FALSE=''
MAINTAINER_MODE_TRUE='#'
MAKEINFO='makeinfo --split-size=5000000'
MKDIR_P='/usr/bin/mkdir -p'
NM='mipsel-linux-nm'
NMEDIT=''
OBJDUMP='mipsel-linux-objdump'
OBJEXT='o'
OTOOL64=''
OTOOL=''
PACKAGE='zlib'
PACKAGE_BUGREPORT=''
PACKAGE_NAME=''
PACKAGE_STRING=''
PACKAGE_TARNAME=''
PACKAGE_URL=''
PACKAGE_VERSION=''
PATH_SEPARATOR=':'
PICFLAG=''
RANLIB='/opt/mipsel-buildroot-linux-gnu_sdk-buildroot/bin/mips-mti-linux-gnu-ranlib'
SED='/usr/bin/sed'
SET_MAKE=''
SHELL='/bin/bash'
STRIP='/opt/mipsel-buildroot-linux-gnu_sdk-buildroot/bin/mips-mti-linux-gnu-strip'
TARGET_LIBRARY_FALSE=''
TARGET_LIBRARY_TRUE='#'
VERSION='1.1.4'
ac_ct_CC=''
ac_ct_DUMPBIN=''
am__EXEEXT_FALSE=''
am__EXEEXT_TRUE='#'
am__fastdepCC_FALSE='#'
am__fastdepCC_TRUE=''
am__include='include'
am__isrc=''
am__leading_dot='.'
am__nodep='_no'
am__quote=''
am__tar='$${TAR-tar} chof - "$$tardir"'
am__untar='$${TAR-tar} xf -'
bindir='${exec_prefix}/bin'
build='x86_64-pc-linux-gnu'
build_alias='x86_64-pc-linux-gnu'
build_cpu='x86_64'
build_os='linux-gnu'
build_vendor='pc'
datadir='${datarootdir}'
datarootdir='${prefix}/share'
docdir='${datarootdir}/doc/${PACKAGE}'
dvidir='${docdir}'
exec_prefix='${prefix}'
host='mipsel-unknown-linux-gnu'
host_alias='mipsel-linux'
host_cpu='mipsel'
host_os='linux-gnu'
host_vendor='unknown'
htmldir='${docdir}'
includedir='${prefix}/include'
infodir='${datarootdir}/info'
install_sh='${SHELL} /workspace/gdb-7.12.1/install-sh'
libdir='${exec_prefix}/lib'
libexecdir='${exec_prefix}/libexec'
localedir='${datarootdir}/locale'
localstatedir='${prefix}/var'
mandir='${datarootdir}/man'
mkdir_p='/usr/bin/mkdir -p'
mkinstalldirs='/workspace/gdb-7.12.1/mkinstalldirs'
multi_basedir=''
oldincludedir='/usr/include'
pdfdir='${docdir}'
prefix='/workspace/gdb-mipsel-static'
program_transform_name='s,y,y,'
psdir='${docdir}'
sbindir='${exec_prefix}/sbin'
sharedstatedir='${prefix}/com'
sysconfdir='${prefix}/etc'
target='mipsel-unknown-linux-gnu'
target_alias='mipsel-linux'
target_all='libzgcj.la'
target_cpu='mipsel'
target_os='linux-gnu'
target_vendor='unknown'
toolexecdir='$(libdir)/gcc-lib/$(target_alias)'
toolexeclibdir='$(libdir)/mipsel-r2-hard/lib'

## ----------- ##
## confdefs.h. ##
## ----------- ##

/* confdefs.h */
#define PACKAGE_NAME ""
#define PACKAGE_TARNAME ""
#define PACKAGE_VERSION ""
#define PACKAGE_STRING ""
#define PACKAGE_BUGREPORT ""
#define PACKAGE_URL ""
#define PACKAGE "zlib"
#define VERSION "1.1.4"
#define STDC_HEADERS 1
#define HAVE_SYS_TYPES_H 1
#define HAVE_SYS_STAT_H 1
#define HAVE_STDLIB_H 1
#define HAVE_STRING_H 1
#define HAVE_MEMORY_H 1
#define HAVE_STRINGS_H 1
#define HAVE_INTTYPES_H 1
#define HAVE_STDINT_H 1
#define HAVE_UNISTD_H 1
#define HAVE_DLFCN_H 1
#define LT_OBJDIR ".libs/"
#define HAVE_STDLIB_H 1
#define HAVE_UNISTD_H 1
#define HAVE_GETPAGESIZE 1
#define HAVE_MEMCPY 1
#define HAVE_STRERROR 1
#define HAVE_UNISTD_H 1

configure: exit 0
