This file contains any messages produced by compilers while
running configure, to aid debugging if configure makes a mistake.

It was created by opcodes configure 2.27.51, which was
generated by GNU Autoconf 2.64.  Invocation command line was

  $ /workspace/gdb-7.12.1/opcodes/configure --srcdir=.././opcodes --cache-file=./config.cache --disable-werror --disable-nls --disable-shared --enable-static --without-python --without-expat --without-gmp --without-mpfr --prefix=/workspace/gdb-mipsel-static --program-transform-name=s,y,y, --disable-option-checking --build=x86_64-pc-linux-gnu --host=mipsel-linux --target=mipsel-linux

## --------- ##
## Platform. ##
## --------- ##

hostname = d60c47c747e8
uname -m = x86_64
uname -r = 6.8.0-60-generic
uname -s = Linux
uname -v = #63-Ubuntu SMP PREEMPT_DYNAMIC Tue Apr 15 19:04:15 UTC 2025

/usr/bin/uname -p = unknown
/bin/uname -X     = unknown

/bin/arch              = x86_64
/usr/bin/arch -k       = unknown
/usr/convex/getsysinfo = unknown
/usr/bin/hostinfo      = unknown
/bin/machine           = unknown
/usr/bin/oslevel       = unknown
/bin/universe          = unknown

PATH: /opt/mipsel-buildroot-linux-gnu_sdk-buildroot/bin
PATH: /usr/local/sbin
PATH: /usr/local/bin
PATH: /usr/sbin
PATH: /usr/bin
PATH: /sbin
PATH: /bin


## ----------- ##
## Core tests. ##
## ----------- ##

configure:2186: creating cache ./config.cache
configure:2291: checking build system type
configure:2305: result: x86_64-pc-linux-gnu
configure:2325: checking host system type
configure:2338: result: mipsel-unknown-linux-gnu
configure:2358: checking target system type
configure:2371: result: mipsel-unknown-linux-gnu
configure:2405: checking for mipsel-linux-gcc
configure:2432: result: /opt/mipsel-buildroot-linux-gnu_sdk-buildroot/bin/mips-mti-linux-gnu-gcc
configure:2701: checking for C compiler version
configure:2710: /opt/mipsel-buildroot-linux-gnu_sdk-buildroot/bin/mips-mti-linux-gnu-gcc --version >&5
mips-mti-linux-gnu-gcc (Codescape GNU Tools 2018.09-02 for MIPS MTI Linux) 6.3.0
Copyright (C) 2016 Free Software Foundation, Inc.
This is free software; see the source for copying conditions.  There is NO
warranty; not even for MERCHANTABILITY or FITNESS FOR A PARTICULAR PURPOSE.

configure:2721: $? = 0
configure:2710: /opt/mipsel-buildroot-linux-gnu_sdk-buildroot/bin/mips-mti-linux-gnu-gcc -v >&5
Using built-in specs.
COLLECT_GCC=/opt/mipsel-buildroot-linux-gnu_sdk-buildroot/opt/ext-toolchain/bin/mips-mti-linux-gnu-gcc
COLLECT_LTO_WRAPPER=/opt/mipsel-buildroot-linux-gnu_sdk-buildroot/opt/ext-toolchain/bin/../libexec/gcc/mips-mti-linux-gnu/6.3.0/lto-wrapper
Target: mips-mti-linux-gnu
Configured with: /scratch/overtest/root/69361/240198/shared/gcc/configure --prefix=/scratch/overtest/root/69361/240300/shared/mips-mti-linux-gnu/2018.09-02 --host=x86_64-pc-linux-gnu --build=x86_64-pc-linux-gnu --disable-libssp --disable-libmudflap --disable-decimal-float --with-mips-plt --target=mips-mti-linux-gnu --enable-languages=c,c++,fortran --with-sysroot=/scratch/overtest/root/69361/240300/shared/mips-mti-linux-gnu/2018.09-02/sysroot --enable-__cxa_atexit --with-bugurl=http://mips.com/mips-sdk-support/ --with-pkgversion='Codescape GNU Tools 2018.09-02 for MIPS MTI Linux'
Thread model: posix
gcc version 6.3.0 (Codescape GNU Tools 2018.09-02 for MIPS MTI Linux) 
configure:2721: $? = 0
configure:2710: /opt/mipsel-buildroot-linux-gnu_sdk-buildroot/bin/mips-mti-linux-gnu-gcc -V >&5
mips-mti-linux-gnu-gcc: error: unrecognized command line option '-V'
mips-mti-linux-gnu-gcc: fatal error: no input files
compilation terminated.
configure:2721: $? = 1
configure:2710: /opt/mipsel-buildroot-linux-gnu_sdk-buildroot/bin/mips-mti-linux-gnu-gcc -qversion >&5
mips-mti-linux-gnu-gcc: error: unrecognized command line option '-qversion'; did you mean '--version'?
mips-mti-linux-gnu-gcc: fatal error: no input files
compilation terminated.
configure:2721: $? = 1
configure:2741: checking for C compiler default output file name
configure:2763: /opt/mipsel-buildroot-linux-gnu_sdk-buildroot/bin/mips-mti-linux-gnu-gcc -O2 -march=mips32r2  -static-libstdc++ -static-libgcc  conftest.c  >&5
configure:2767: $? = 0
configure:2804: result: a.out
configure:2820: checking whether the C compiler works
configure:2848: result: yes
configure:2855: checking whether we are cross compiling
configure:2857: result: yes
configure:2860: checking for suffix of executables
configure:2867: /opt/mipsel-buildroot-linux-gnu_sdk-buildroot/bin/mips-mti-linux-gnu-gcc -o conftest -O2 -march=mips32r2  -static-libstdc++ -static-libgcc  conftest.c  >&5
configure:2871: $? = 0
configure:2893: result: 
configure:2899: checking for suffix of object files
configure:2921: /opt/mipsel-buildroot-linux-gnu_sdk-buildroot/bin/mips-mti-linux-gnu-gcc -c -O2 -march=mips32r2  conftest.c >&5
configure:2925: $? = 0
configure:2946: result: o
configure:2950: checking whether we are using the GNU C compiler
configure:2969: /opt/mipsel-buildroot-linux-gnu_sdk-buildroot/bin/mips-mti-linux-gnu-gcc -c -O2 -march=mips32r2  conftest.c >&5
configure:2969: $? = 0
configure:2978: result: yes
configure:2987: checking whether /opt/mipsel-buildroot-linux-gnu_sdk-buildroot/bin/mips-mti-linux-gnu-gcc accepts -g
configure:3007: /opt/mipsel-buildroot-linux-gnu_sdk-buildroot/bin/mips-mti-linux-gnu-gcc -c -g  conftest.c >&5
configure:3007: $? = 0
configure:3048: result: yes
configure:3065: checking for /opt/mipsel-buildroot-linux-gnu_sdk-buildroot/bin/mips-mti-linux-gnu-gcc option to accept ISO C89
configure:3129: /opt/mipsel-buildroot-linux-gnu_sdk-buildroot/bin/mips-mti-linux-gnu-gcc  -c -O2 -march=mips32r2  conftest.c >&5
configure:3129: $? = 0
configure:3142: result: none needed
configure:3163: checking for library containing strerror
configure:3194: /opt/mipsel-buildroot-linux-gnu_sdk-buildroot/bin/mips-mti-linux-gnu-gcc -o conftest -O2 -march=mips32r2  -static-libstdc++ -static-libgcc  conftest.c  >&5
configure:3194: $? = 0
configure:3211: result: none required
configure:3236: checking for a BSD-compatible install
configure:3304: result: /usr/bin/install -c
configure:3315: checking whether build environment is sane
configure:3365: result: yes
configure:3414: checking for mipsel-linux-strip
configure:3441: result: /opt/mipsel-buildroot-linux-gnu_sdk-buildroot/bin/mips-mti-linux-gnu-strip
configure:3506: checking for a thread-safe mkdir -p
configure:3545: result: /usr/bin/mkdir -p
configure:3558: checking for gawk
configure:3585: result: mawk
configure:3596: checking whether make sets $(MAKE)
configure:3618: result: yes
configure:3648: checking for style of include used by make
configure:3676: result: GNU
configure:3762: checking dependency style of /opt/mipsel-buildroot-linux-gnu_sdk-buildroot/bin/mips-mti-linux-gnu-gcc
configure:3873: result: gcc3
configure:3898: checking for mipsel-linux-gcc
configure:3925: result: /opt/mipsel-buildroot-linux-gnu_sdk-buildroot/bin/mips-mti-linux-gnu-gcc
configure:4194: checking for C compiler version
configure:4203: /opt/mipsel-buildroot-linux-gnu_sdk-buildroot/bin/mips-mti-linux-gnu-gcc --version >&5
mips-mti-linux-gnu-gcc (Codescape GNU Tools 2018.09-02 for MIPS MTI Linux) 6.3.0
Copyright (C) 2016 Free Software Foundation, Inc.
This is free software; see the source for copying conditions.  There is NO
warranty; not even for MERCHANTABILITY or FITNESS FOR A PARTICULAR PURPOSE.

configure:4214: $? = 0
configure:4203: /opt/mipsel-buildroot-linux-gnu_sdk-buildroot/bin/mips-mti-linux-gnu-gcc -v >&5
Using built-in specs.
COLLECT_GCC=/opt/mipsel-buildroot-linux-gnu_sdk-buildroot/opt/ext-toolchain/bin/mips-mti-linux-gnu-gcc
COLLECT_LTO_WRAPPER=/opt/mipsel-buildroot-linux-gnu_sdk-buildroot/opt/ext-toolchain/bin/../libexec/gcc/mips-mti-linux-gnu/6.3.0/lto-wrapper
Target: mips-mti-linux-gnu
Configured with: /scratch/overtest/root/69361/240198/shared/gcc/configure --prefix=/scratch/overtest/root/69361/240300/shared/mips-mti-linux-gnu/2018.09-02 --host=x86_64-pc-linux-gnu --build=x86_64-pc-linux-gnu --disable-libssp --disable-libmudflap --disable-decimal-float --with-mips-plt --target=mips-mti-linux-gnu --enable-languages=c,c++,fortran --with-sysroot=/scratch/overtest/root/69361/240300/shared/mips-mti-linux-gnu/2018.09-02/sysroot --enable-__cxa_atexit --with-bugurl=http://mips.com/mips-sdk-support/ --with-pkgversion='Codescape GNU Tools 2018.09-02 for MIPS MTI Linux'
Thread model: posix
gcc version 6.3.0 (Codescape GNU Tools 2018.09-02 for MIPS MTI Linux) 
configure:4214: $? = 0
configure:4203: /opt/mipsel-buildroot-linux-gnu_sdk-buildroot/bin/mips-mti-linux-gnu-gcc -V >&5
mips-mti-linux-gnu-gcc: error: unrecognized command line option '-V'
mips-mti-linux-gnu-gcc: fatal error: no input files
compilation terminated.
configure:4214: $? = 1
configure:4203: /opt/mipsel-buildroot-linux-gnu_sdk-buildroot/bin/mips-mti-linux-gnu-gcc -qversion >&5
mips-mti-linux-gnu-gcc: error: unrecognized command line option '-qversion'; did you mean '--version'?
mips-mti-linux-gnu-gcc: fatal error: no input files
compilation terminated.
configure:4214: $? = 1
configure:4218: checking whether we are using the GNU C compiler
configure:4246: result: yes
configure:4255: checking whether /opt/mipsel-buildroot-linux-gnu_sdk-buildroot/bin/mips-mti-linux-gnu-gcc accepts -g
configure:4316: result: yes
configure:4333: checking for /opt/mipsel-buildroot-linux-gnu_sdk-buildroot/bin/mips-mti-linux-gnu-gcc option to accept ISO C89
configure:4410: result: none needed
configure:4435: checking how to run the C preprocessor
configure:4466: /opt/mipsel-buildroot-linux-gnu_sdk-buildroot/bin/mips-mti-linux-gnu-gcc -E  conftest.c
configure:4466: $? = 0
configure:4480: /opt/mipsel-buildroot-linux-gnu_sdk-buildroot/bin/mips-mti-linux-gnu-gcc -E  conftest.c
conftest.c:11:28: fatal error: ac_nonexistent.h: No such file or directory
 #include <ac_nonexistent.h>
                            ^
compilation terminated.
configure:4480: $? = 1
configure: failed program was:
| /* confdefs.h */
| #define PACKAGE_NAME "opcodes"
| #define PACKAGE_TARNAME "opcodes"
| #define PACKAGE_VERSION "2.27.51"
| #define PACKAGE_STRING "opcodes 2.27.51"
| #define PACKAGE_BUGREPORT ""
| #define PACKAGE_URL ""
| #define PACKAGE "opcodes"
| #define VERSION "2.27.51"
| /* end confdefs.h.  */
| #include <ac_nonexistent.h>
configure:4505: result: /opt/mipsel-buildroot-linux-gnu_sdk-buildroot/bin/mips-mti-linux-gnu-gcc -E
configure:4525: /opt/mipsel-buildroot-linux-gnu_sdk-buildroot/bin/mips-mti-linux-gnu-gcc -E  conftest.c
configure:4525: $? = 0
configure:4539: /opt/mipsel-buildroot-linux-gnu_sdk-buildroot/bin/mips-mti-linux-gnu-gcc -E  conftest.c
conftest.c:11:28: fatal error: ac_nonexistent.h: No such file or directory
 #include <ac_nonexistent.h>
                            ^
compilation terminated.
configure:4539: $? = 1
configure: failed program was:
| /* confdefs.h */
| #define PACKAGE_NAME "opcodes"
| #define PACKAGE_TARNAME "opcodes"
| #define PACKAGE_VERSION "2.27.51"
| #define PACKAGE_STRING "opcodes 2.27.51"
| #define PACKAGE_BUGREPORT ""
| #define PACKAGE_URL ""
| #define PACKAGE "opcodes"
| #define VERSION "2.27.51"
| /* end confdefs.h.  */
| #include <ac_nonexistent.h>
configure:4568: checking for grep that handles long lines and -e
configure:4626: result: /usr/bin/grep
configure:4631: checking for egrep
configure:4693: result: /usr/bin/grep -E
configure:4698: checking for ANSI C header files
configure:4718: /opt/mipsel-buildroot-linux-gnu_sdk-buildroot/bin/mips-mti-linux-gnu-gcc -c -O2 -march=mips32r2  conftest.c >&5
configure:4718: $? = 0
configure:4802: result: yes
configure:4815: checking for sys/types.h
configure:4815: /opt/mipsel-buildroot-linux-gnu_sdk-buildroot/bin/mips-mti-linux-gnu-gcc -c -O2 -march=mips32r2  conftest.c >&5
configure:4815: $? = 0
configure:4815: result: yes
configure:4815: checking for sys/stat.h
configure:4815: /opt/mipsel-buildroot-linux-gnu_sdk-buildroot/bin/mips-mti-linux-gnu-gcc -c -O2 -march=mips32r2  conftest.c >&5
configure:4815: $? = 0
configure:4815: result: yes
configure:4815: checking for stdlib.h
configure:4815: /opt/mipsel-buildroot-linux-gnu_sdk-buildroot/bin/mips-mti-linux-gnu-gcc -c -O2 -march=mips32r2  conftest.c >&5
configure:4815: $? = 0
configure:4815: result: yes
configure:4815: checking for string.h
configure:4815: /opt/mipsel-buildroot-linux-gnu_sdk-buildroot/bin/mips-mti-linux-gnu-gcc -c -O2 -march=mips32r2  conftest.c >&5
configure:4815: $? = 0
configure:4815: result: yes
configure:4815: checking for memory.h
configure:4815: /opt/mipsel-buildroot-linux-gnu_sdk-buildroot/bin/mips-mti-linux-gnu-gcc -c -O2 -march=mips32r2  conftest.c >&5
configure:4815: $? = 0
configure:4815: result: yes
configure:4815: checking for strings.h
configure:4815: /opt/mipsel-buildroot-linux-gnu_sdk-buildroot/bin/mips-mti-linux-gnu-gcc -c -O2 -march=mips32r2  conftest.c >&5
configure:4815: $? = 0
configure:4815: result: yes
configure:4815: checking for inttypes.h
configure:4815: /opt/mipsel-buildroot-linux-gnu_sdk-buildroot/bin/mips-mti-linux-gnu-gcc -c -O2 -march=mips32r2  conftest.c >&5
configure:4815: $? = 0
configure:4815: result: yes
configure:4815: checking for stdint.h
configure:4815: /opt/mipsel-buildroot-linux-gnu_sdk-buildroot/bin/mips-mti-linux-gnu-gcc -c -O2 -march=mips32r2  conftest.c >&5
configure:4815: $? = 0
configure:4815: result: yes
configure:4815: checking for unistd.h
configure:4815: /opt/mipsel-buildroot-linux-gnu_sdk-buildroot/bin/mips-mti-linux-gnu-gcc -c -O2 -march=mips32r2  conftest.c >&5
configure:4815: $? = 0
configure:4815: result: yes
configure:4829: checking minix/config.h usability
configure:4829: /opt/mipsel-buildroot-linux-gnu_sdk-buildroot/bin/mips-mti-linux-gnu-gcc -c -O2 -march=mips32r2  conftest.c >&5
conftest.c:54:26: fatal error: minix/config.h: No such file or directory
 #include <minix/config.h>
                          ^
compilation terminated.
configure:4829: $? = 1
configure: failed program was:
| /* confdefs.h */
| #define PACKAGE_NAME "opcodes"
| #define PACKAGE_TARNAME "opcodes"
| #define PACKAGE_VERSION "2.27.51"
| #define PACKAGE_STRING "opcodes 2.27.51"
| #define PACKAGE_BUGREPORT ""
| #define PACKAGE_URL ""
| #define PACKAGE "opcodes"
| #define VERSION "2.27.51"
| #define STDC_HEADERS 1
| #define HAVE_SYS_TYPES_H 1
| #define HAVE_SYS_STAT_H 1
| #define HAVE_STDLIB_H 1
| #define HAVE_STRING_H 1
| #define HAVE_MEMORY_H 1
| #define HAVE_STRINGS_H 1
| #define HAVE_INTTYPES_H 1
| #define HAVE_STDINT_H 1
| #define HAVE_UNISTD_H 1
| /* end confdefs.h.  */
| #include <stdio.h>
| #ifdef HAVE_SYS_TYPES_H
| # include <sys/types.h>
| #endif
| #ifdef HAVE_SYS_STAT_H
| # include <sys/stat.h>
| #endif
| #ifdef STDC_HEADERS
| # include <stdlib.h>
| # include <stddef.h>
| #else
| # ifdef HAVE_STDLIB_H
| #  include <stdlib.h>
| # endif
| #endif
| #ifdef HAVE_STRING_H
| # if !defined STDC_HEADERS && defined HAVE_MEMORY_H
| #  include <memory.h>
| # endif
| # include <string.h>
| #endif
| #ifdef HAVE_STRINGS_H
| # include <strings.h>
| #endif
| #ifdef HAVE_INTTYPES_H
| # include <inttypes.h>
| #endif
| #ifdef HAVE_STDINT_H
| # include <stdint.h>
| #endif
| #ifdef HAVE_UNISTD_H
| # include <unistd.h>
| #endif
| #include <minix/config.h>
configure:4829: result: no
configure:4829: checking minix/config.h presence
configure:4829: /opt/mipsel-buildroot-linux-gnu_sdk-buildroot/bin/mips-mti-linux-gnu-gcc -E  conftest.c
conftest.c:21:26: fatal error: minix/config.h: No such file or directory
 #include <minix/config.h>
                          ^
compilation terminated.
configure:4829: $? = 1
configure: failed program was:
| /* confdefs.h */
| #define PACKAGE_NAME "opcodes"
| #define PACKAGE_TARNAME "opcodes"
| #define PACKAGE_VERSION "2.27.51"
| #define PACKAGE_STRING "opcodes 2.27.51"
| #define PACKAGE_BUGREPORT ""
| #define PACKAGE_URL ""
| #define PACKAGE "opcodes"
| #define VERSION "2.27.51"
| #define STDC_HEADERS 1
| #define HAVE_SYS_TYPES_H 1
| #define HAVE_SYS_STAT_H 1
| #define HAVE_STDLIB_H 1
| #define HAVE_STRING_H 1
| #define HAVE_MEMORY_H 1
| #define HAVE_STRINGS_H 1
| #define HAVE_INTTYPES_H 1
| #define HAVE_STDINT_H 1
| #define HAVE_UNISTD_H 1
| /* end confdefs.h.  */
| #include <minix/config.h>
configure:4829: result: no
configure:4829: checking for minix/config.h
configure:4829: result: no
configure:4850: checking whether it is safe to define __EXTENSIONS__
configure:4868: /opt/mipsel-buildroot-linux-gnu_sdk-buildroot/bin/mips-mti-linux-gnu-gcc -c -O2 -march=mips32r2  conftest.c >&5
configure:4868: $? = 0
configure:4875: result: yes
configure:4895: checking for mipsel-linux-ar
configure:4922: result: /opt/mipsel-buildroot-linux-gnu_sdk-buildroot/bin/mips-mti-linux-gnu-ar
configure:4987: checking for mipsel-linux-ranlib
configure:5014: result: /opt/mipsel-buildroot-linux-gnu_sdk-buildroot/bin/mips-mti-linux-gnu-ranlib
configure:5155: checking how to print strings
configure:5182: result: printf
configure:5203: checking for a sed that does not truncate output
configure:5267: result: /usr/bin/sed
configure:5285: checking for fgrep
configure:5347: result: /usr/bin/grep -F
configure:5382: checking for ld used by /opt/mipsel-buildroot-linux-gnu_sdk-buildroot/bin/mips-mti-linux-gnu-gcc
configure:5449: result: /opt/mipsel-buildroot-linux-gnu_sdk-buildroot/bin/mips-mti-linux-gnu-ld
configure:5456: checking if the linker (/opt/mipsel-buildroot-linux-gnu_sdk-buildroot/bin/mips-mti-linux-gnu-ld) is GNU ld
configure:5471: result: yes
configure:5483: checking for BSD- or MS-compatible name lister (nm)
configure:5532: result: mipsel-linux-nm
configure:5662: checking the name lister (mipsel-linux-nm) interface
configure:5669: /opt/mipsel-buildroot-linux-gnu_sdk-buildroot/bin/mips-mti-linux-gnu-gcc -c -O2 -march=mips32r2  conftest.c >&5
configure:5672: mipsel-linux-nm "conftest.o"
/workspace/gdb-7.12.1/opcodes/configure: line 5673: mipsel-linux-nm: command not found
configure:5675: output
configure:5682: result: BSD nm
configure:5685: checking whether ln -s works
configure:5689: result: yes
configure:5697: checking the maximum length of command line arguments
configure:5822: result: 1572864
configure:5839: checking whether the shell understands some XSI constructs
configure:5849: result: yes
configure:5853: checking whether the shell understands "+="
configure:5859: result: yes
configure:5894: checking for /opt/mipsel-buildroot-linux-gnu_sdk-buildroot/bin/mips-mti-linux-gnu-ld option to reload object files
configure:5901: result: -r
configure:5930: checking for mipsel-linux-objdump
configure:5957: result: mipsel-linux-objdump
configure:6029: checking how to recognize dependent libraries
configure:6230: result: pass_all
configure:6250: checking for mipsel-linux-ar
configure:6277: result: /opt/mipsel-buildroot-linux-gnu_sdk-buildroot/bin/mips-mti-linux-gnu-ar
configure:6355: checking for mipsel-linux-strip
configure:6382: result: /opt/mipsel-buildroot-linux-gnu_sdk-buildroot/bin/mips-mti-linux-gnu-strip
configure:6454: checking for mipsel-linux-ranlib
configure:6481: result: /opt/mipsel-buildroot-linux-gnu_sdk-buildroot/bin/mips-mti-linux-gnu-ranlib
configure:6623: checking command to parse mipsel-linux-nm output from /opt/mipsel-buildroot-linux-gnu_sdk-buildroot/bin/mips-mti-linux-gnu-gcc object
configure:6741: /opt/mipsel-buildroot-linux-gnu_sdk-buildroot/bin/mips-mti-linux-gnu-gcc -c -O2 -march=mips32r2  conftest.c >&5
configure:6744: $? = 0
configure:6748: mipsel-linux-nm conftest.o \| sed -n -e 's/^.*[ ]\([BCDEGRST][BCDEGRST]*\)[ ][ ]*\([_A-Za-z][_A-Za-z0-9]*\)$/\1 \2 \2/p' \> conftest.nm
/workspace/gdb-7.12.1/opcodes/configure: line 6749: mipsel-linux-nm: command not found
configure:6751: $? = 0
cannot run sed -n -e 's/^.*[	 ]\([BCDEGRST][BCDEGRST]*\)[	 ][	 ]*\([_A-Za-z][_A-Za-z0-9]*\)$/\1 \2 \2/p'
configure:6741: /opt/mipsel-buildroot-linux-gnu_sdk-buildroot/bin/mips-mti-linux-gnu-gcc -c -O2 -march=mips32r2  conftest.c >&5
configure:6744: $? = 0
configure:6748: mipsel-linux-nm conftest.o \| sed -n -e 's/^.*[ ]\([BCDEGRST][BCDEGRST]*\)[ ][ ]*_\([_A-Za-z][_A-Za-z0-9]*\)$/\1 _\2 \2/p' \> conftest.nm
/workspace/gdb-7.12.1/opcodes/configure: line 6749: mipsel-linux-nm: command not found
configure:6751: $? = 0
cannot run sed -n -e 's/^.*[	 ]\([BCDEGRST][BCDEGRST]*\)[	 ][	 ]*_\([_A-Za-z][_A-Za-z0-9]*\)$/\1 _\2 \2/p'
configure:6843: result: failed
configure:7694: checking for dlfcn.h
configure:7694: /opt/mipsel-buildroot-linux-gnu_sdk-buildroot/bin/mips-mti-linux-gnu-gcc -c -O2 -march=mips32r2  conftest.c >&5
configure:7694: $? = 0
configure:7694: result: yes
configure:7851: checking for objdir
configure:7866: result: .libs
configure:8137: checking if /opt/mipsel-buildroot-linux-gnu_sdk-buildroot/bin/mips-mti-linux-gnu-gcc supports -fno-rtti -fno-exceptions
configure:8155: /opt/mipsel-buildroot-linux-gnu_sdk-buildroot/bin/mips-mti-linux-gnu-gcc -c -O2 -march=mips32r2  -fno-rtti -fno-exceptions conftest.c >&5
cc1: warning: command line option '-fno-rtti' is valid for C++/ObjC++ but not for C
configure:8159: $? = 0
configure:8172: result: no
configure:8192: checking for /opt/mipsel-buildroot-linux-gnu_sdk-buildroot/bin/mips-mti-linux-gnu-gcc option to produce PIC
configure:8478: result: -fPIC -DPIC
configure:8490: checking if /opt/mipsel-buildroot-linux-gnu_sdk-buildroot/bin/mips-mti-linux-gnu-gcc PIC flag -fPIC -DPIC works
configure:8508: /opt/mipsel-buildroot-linux-gnu_sdk-buildroot/bin/mips-mti-linux-gnu-gcc -c -O2 -march=mips32r2  -fPIC -DPIC -DPIC conftest.c >&5
configure:8512: $? = 0
configure:8525: result: yes
configure:8549: checking if /opt/mipsel-buildroot-linux-gnu_sdk-buildroot/bin/mips-mti-linux-gnu-gcc static flag -static works
configure:8577: result: yes
configure:8592: checking if /opt/mipsel-buildroot-linux-gnu_sdk-buildroot/bin/mips-mti-linux-gnu-gcc supports -c -o file.o
configure:8613: /opt/mipsel-buildroot-linux-gnu_sdk-buildroot/bin/mips-mti-linux-gnu-gcc -c -O2 -march=mips32r2  -o out/conftest2.o conftest.c >&5
configure:8617: $? = 0
configure:8639: result: yes
configure:8647: checking if /opt/mipsel-buildroot-linux-gnu_sdk-buildroot/bin/mips-mti-linux-gnu-gcc supports -c -o file.o
configure:8694: result: yes
configure:8727: checking whether the /opt/mipsel-buildroot-linux-gnu_sdk-buildroot/bin/mips-mti-linux-gnu-gcc linker (/opt/mipsel-buildroot-linux-gnu_sdk-buildroot/bin/mips-mti-linux-gnu-ld) supports shared libraries
configure:9798: result: yes
configure:10043: checking dynamic linker characteristics
configure:10494: /opt/mipsel-buildroot-linux-gnu_sdk-buildroot/bin/mips-mti-linux-gnu-gcc -o conftest -O2 -march=mips32r2  -static-libstdc++ -static-libgcc  -Wl,-rpath -Wl,/foo conftest.c  >&5
configure:10494: $? = 0
configure:10716: result: GNU/Linux ld.so
configure:10823: checking how to hardcode library paths into programs
configure:10848: result: immediate
configure:11388: checking whether stripping libraries is possible
configure:11393: result: yes
configure:11428: checking if libtool supports shared libraries
configure:11430: result: yes
configure:11433: checking whether to build shared libraries
configure:11454: result: no
configure:11457: checking whether to build static libraries
configure:11461: result: yes
configure:11633: checking whether /opt/mipsel-buildroot-linux-gnu_sdk-buildroot/bin/mips-mti-linux-gnu-gcc supports -Wmissing-field-initializers
configure:11650: /opt/mipsel-buildroot-linux-gnu_sdk-buildroot/bin/mips-mti-linux-gnu-gcc -c -Wmissing-field-initializers  conftest.c >&5
configure:11650: $? = 0
configure:11659: result: yes
configure:11685: checking whether to enable maintainer-specific portions of Makefiles
configure:11694: result: no
configure:11722: checking whether to install libbfd
configure:11735: result: yes
configure:11781: checking whether NLS is requested
configure:11784: result: no
configure:11852: checking whether NLS is requested
configure:11861: result: no
configure:11899: checking for msgfmt
configure:11930: result: /opt/mipsel-buildroot-linux-gnu_sdk-buildroot/bin/msgfmt
configure:11939: checking for gmsgfmt
configure:11970: result: /opt/mipsel-buildroot-linux-gnu_sdk-buildroot/bin/msgfmt
configure:12010: checking for xgettext
configure:12041: result: /opt/mipsel-buildroot-linux-gnu_sdk-buildroot/bin/xgettext
configure:12081: checking for msgmerge
configure:12111: result: /opt/mipsel-buildroot-linux-gnu_sdk-buildroot/bin/msgmerge
configure:12162: checking for build system executable suffix
configure:12180: result: no
configure:12193: checking for string.h
configure:12193: result: yes
configure:12193: checking for strings.h
configure:12193: result: yes
configure:12193: checking for stdlib.h
configure:12193: result: yes
configure:12193: checking limits.h usability
configure:12193: /opt/mipsel-buildroot-linux-gnu_sdk-buildroot/bin/mips-mti-linux-gnu-gcc -c -O2 -march=mips32r2  conftest.c >&5
configure:12193: $? = 0
configure:12193: result: yes
configure:12193: checking limits.h presence
configure:12193: /opt/mipsel-buildroot-linux-gnu_sdk-buildroot/bin/mips-mti-linux-gnu-gcc -E  conftest.c
configure:12193: $? = 0
configure:12193: result: yes
configure:12193: checking for limits.h
configure:12193: result: yes
configure:12204: checking whether string.h and strings.h may both be included
configure:12221: /opt/mipsel-buildroot-linux-gnu_sdk-buildroot/bin/mips-mti-linux-gnu-gcc -c -O2 -march=mips32r2  conftest.c >&5
configure:12221: $? = 0
configure:12228: result: yes
configure:12237: checking whether basename is declared
configure:12237: /opt/mipsel-buildroot-linux-gnu_sdk-buildroot/bin/mips-mti-linux-gnu-gcc -c -O2 -march=mips32r2  conftest.c >&5
configure:12237: $? = 0
configure:12237: result: yes
configure:12247: checking whether stpcpy is declared
configure:12247: /opt/mipsel-buildroot-linux-gnu_sdk-buildroot/bin/mips-mti-linux-gnu-gcc -c -O2 -march=mips32r2  conftest.c >&5
configure:12247: $? = 0
configure:12247: result: yes
configure:12261: checking for sigsetjmp
configure:12279: /opt/mipsel-buildroot-linux-gnu_sdk-buildroot/bin/mips-mti-linux-gnu-gcc -c -O2 -march=mips32r2  conftest.c >&5
configure:12279: $? = 0
configure:12286: result: 
configure:12324: checking linker --as-needed support
configure:12335: result: yes
configure:12426: checking for cos in -lm
configure:12451: /opt/mipsel-buildroot-linux-gnu_sdk-buildroot/bin/mips-mti-linux-gnu-gcc -o conftest -O2 -march=mips32r2  -static-libstdc++ -static-libgcc  conftest.c -lm   >&5
conftest.c:43:6: warning: conflicting types for built-in function 'cos'
 char cos ();
      ^~~
configure:12451: $? = 0
configure:12460: result: yes
configure:12787: updating cache ./config.cache
configure:12852: creating ./config.status

## ---------------------- ##
## Running config.status. ##
## ---------------------- ##

This file was extended by opcodes config.status 2.27.51, which was
generated by GNU Autoconf 2.64.  Invocation command line was

  CONFIG_FILES    = 
  CONFIG_HEADERS  = 
  CONFIG_LINKS    = 
  CONFIG_COMMANDS = 
  $ ./config.status 

on d60c47c747e8

config.status:1130: creating Makefile
config.status:1130: creating po/Makefile.in
config.status:1130: creating config.h
config.status:1350: executing depfiles commands
config.status:1350: executing libtool commands
config.status:1350: executing default-1 commands

## ---------------- ##
## Cache variables. ##
## ---------------- ##

ac_cv_build=x86_64-pc-linux-gnu
ac_cv_c_compiler_gnu=yes
ac_cv_env_CC_set=set
ac_cv_env_CC_value=/opt/mipsel-buildroot-linux-gnu_sdk-buildroot/bin/mips-mti-linux-gnu-gcc
ac_cv_env_CFLAGS_set=set
ac_cv_env_CFLAGS_value='-O2 -march=mips32r2'
ac_cv_env_CPPFLAGS_set=
ac_cv_env_CPPFLAGS_value=
ac_cv_env_CPP_set=
ac_cv_env_CPP_value=
ac_cv_env_LDFLAGS_set=set
ac_cv_env_LDFLAGS_value='-static-libstdc++ -static-libgcc '
ac_cv_env_LIBS_set=
ac_cv_env_LIBS_value=
ac_cv_env_build_alias_set=set
ac_cv_env_build_alias_value=x86_64-pc-linux-gnu
ac_cv_env_host_alias_set=set
ac_cv_env_host_alias_value=mipsel-linux
ac_cv_env_target_alias_set=set
ac_cv_env_target_alias_value=mipsel-linux
ac_cv_have_decl_basename=yes
ac_cv_have_decl_stpcpy=yes
ac_cv_header_dlfcn_h=yes
ac_cv_header_inttypes_h=yes
ac_cv_header_limits_h=yes
ac_cv_header_memory_h=yes
ac_cv_header_minix_config_h=no
ac_cv_header_stdc=yes
ac_cv_header_stdint_h=yes
ac_cv_header_stdlib_h=yes
ac_cv_header_string_h=yes
ac_cv_header_strings_h=yes
ac_cv_header_sys_stat_h=yes
ac_cv_header_sys_types_h=yes
ac_cv_header_unistd_h=yes
ac_cv_host=mipsel-unknown-linux-gnu
ac_cv_lib_m_cos=yes
ac_cv_objext=o
ac_cv_path_EGREP='/usr/bin/grep -E'
ac_cv_path_FGREP='/usr/bin/grep -F'
ac_cv_path_GMSGFMT=/opt/mipsel-buildroot-linux-gnu_sdk-buildroot/bin/msgfmt
ac_cv_path_GREP=/usr/bin/grep
ac_cv_path_MSGFMT=/opt/mipsel-buildroot-linux-gnu_sdk-buildroot/bin/msgfmt
ac_cv_path_MSGMERGE=/opt/mipsel-buildroot-linux-gnu_sdk-buildroot/bin/msgmerge
ac_cv_path_SED=/usr/bin/sed
ac_cv_path_XGETTEXT=/opt/mipsel-buildroot-linux-gnu_sdk-buildroot/bin/xgettext
ac_cv_path_mkdir=/usr/bin/mkdir
ac_cv_prog_AR=/opt/mipsel-buildroot-linux-gnu_sdk-buildroot/bin/mips-mti-linux-gnu-ar
ac_cv_prog_AWK=mawk
ac_cv_prog_CC=/opt/mipsel-buildroot-linux-gnu_sdk-buildroot/bin/mips-mti-linux-gnu-gcc
ac_cv_prog_CPP='/opt/mipsel-buildroot-linux-gnu_sdk-buildroot/bin/mips-mti-linux-gnu-gcc -E'
ac_cv_prog_OBJDUMP=mipsel-linux-objdump
ac_cv_prog_RANLIB=/opt/mipsel-buildroot-linux-gnu_sdk-buildroot/bin/mips-mti-linux-gnu-ranlib
ac_cv_prog_STRIP=/opt/mipsel-buildroot-linux-gnu_sdk-buildroot/bin/mips-mti-linux-gnu-strip
ac_cv_prog_cc_c89=
ac_cv_prog_cc_g=yes
ac_cv_prog_make_make_set=yes
ac_cv_safe_to_define___extensions__=yes
ac_cv_search_strerror='none required'
ac_cv_target=mipsel-unknown-linux-gnu
acx_cv_prog_cc_warning__Wmissing_field_initializers=yes
am_cv_CC_dependencies_compiler_type=gcc3
bfd_cv_build_exeext=no
bfd_cv_func_sigsetjmp=yes
bfd_cv_ld_as_needed=yes
gcc_cv_header_string=yes
lt_cv_deplibs_check_method=pass_all
lt_cv_file_magic_cmd='$MAGIC_CMD'
lt_cv_file_magic_test_file=
lt_cv_ld_reload_flag=-r
lt_cv_nm_interface='BSD nm'
lt_cv_objdir=.libs
lt_cv_path_LD=/opt/mipsel-buildroot-linux-gnu_sdk-buildroot/bin/mips-mti-linux-gnu-ld
lt_cv_path_NM=mipsel-linux-nm
lt_cv_prog_compiler_c_o=yes
lt_cv_prog_compiler_pic_works=yes
lt_cv_prog_compiler_rtti_exceptions=no
lt_cv_prog_compiler_static_works=yes
lt_cv_prog_gnu_ld=yes
lt_cv_shlibpath_overrides_runpath=no
lt_cv_sys_global_symbol_pipe=
lt_cv_sys_global_symbol_to_c_name_address='sed -n -e '\''s/^: \([^ ]*\) $/  {\"\1\", (void *) 0},/p'\'' -e '\''s/^[BCDEGRST]* \([^ ]*\) \([^ ]*\)$/  {"\2", (void *) \&\2},/p'\'''
lt_cv_sys_global_symbol_to_c_name_address_lib_prefix='sed -n -e '\''s/^: \([^ ]*\) $/  {\"\1\", (void *) 0},/p'\'' -e '\''s/^[BCDEGRST]* \([^ ]*\) \(lib[^ ]*\)$/  {"\2", (void *) \&\2},/p'\'' -e '\''s/^[BCDEGRST]* \([^ ]*\) \([^ ]*\)$/  {"lib\2", (void *) \&\2},/p'\'''
lt_cv_sys_global_symbol_to_cdecl=
lt_cv_sys_max_cmd_len=1572864

## ----------------- ##
## Output variables. ##
## ----------------- ##

ACLOCAL='${SHELL} /workspace/gdb-7.12.1/missing --run aclocal-1.11'
AMDEPBACKSLASH='\'
AMDEP_FALSE='#'
AMDEP_TRUE=''
AMTAR='$${TAR-tar}'
AR='/opt/mipsel-buildroot-linux-gnu_sdk-buildroot/bin/mips-mti-linux-gnu-ar'
AUTOCONF='${SHELL} /workspace/gdb-7.12.1/missing --run autoconf'
AUTOHEADER='${SHELL} /workspace/gdb-7.12.1/missing --run autoheader'
AUTOMAKE='${SHELL} /workspace/gdb-7.12.1/missing --run automake-1.11'
AWK='mawk'
BFD_MACHINES=' mips-dis.lo mips-opc.lo mips16-opc.lo micromips-opc.lo'
BUILD_LIBS='-liberty '
BUILD_LIB_DEPS=' '
CATALOGS=''
CATOBJEXT=''
CC='/opt/mipsel-buildroot-linux-gnu_sdk-buildroot/bin/mips-mti-linux-gnu-gcc'
CCDEPMODE='depmode=gcc3'
CC_FOR_BUILD='gcc'
CFLAGS='-O2 -march=mips32r2'
CGEN_MAINT_FALSE=''
CGEN_MAINT_TRUE='#'
CPP='/opt/mipsel-buildroot-linux-gnu_sdk-buildroot/bin/mips-mti-linux-gnu-gcc -E'
CPPFLAGS=''
CYGPATH_W='echo'
DATADIRNAME=''
DEFS='-DHAVE_CONFIG_H'
DEPDIR='.deps'
DSYMUTIL=''
DUMPBIN=''
ECHO_C=''
ECHO_N='-n'
ECHO_T=''
EGREP='/usr/bin/grep -E'
EXEEXT=''
EXEEXT_FOR_BUILD=''
FGREP='/usr/bin/grep -F'
GENCAT=''
GMSGFMT='/opt/mipsel-buildroot-linux-gnu_sdk-buildroot/bin/msgfmt'
GREP='/usr/bin/grep'
HDEFINES=''
INCINTL=''
INSTALL_DATA='/usr/bin/install -c -m 644'
INSTALL_LIBBFD_FALSE='#'
INSTALL_LIBBFD_TRUE=''
INSTALL_PROGRAM='/usr/bin/install -c'
INSTALL_SCRIPT='/usr/bin/install -c'
INSTALL_STRIP_PROGRAM='$(install_sh) -c -s'
INSTOBJEXT=''
LD='/opt/mipsel-buildroot-linux-gnu_sdk-buildroot/bin/mips-mti-linux-gnu-ld'
LDFLAGS='-static-libstdc++ -static-libgcc '
LIBINTL=''
LIBINTL_DEP=''
LIBM='-lm'
LIBOBJS=''
LIBS=''
LIBTOOL='$(SHELL) $(top_builddir)/libtool'
LIPO=''
LN_S='ln -s'
LTLIBOBJS=''
MAINT='#'
MAINTAINER_MODE_FALSE=''
MAINTAINER_MODE_TRUE='#'
MAKEINFO='makeinfo --split-size=5000000'
MKDIR_P='/usr/bin/mkdir -p'
MKINSTALLDIRS='$(top_builddir)/./../mkinstalldirs'
MSGFMT='/opt/mipsel-buildroot-linux-gnu_sdk-buildroot/bin/msgfmt'
MSGMERGE='/opt/mipsel-buildroot-linux-gnu_sdk-buildroot/bin/msgmerge'
NM='mipsel-linux-nm'
NMEDIT=''
NO_WERROR=''
NO_WMISSING_FIELD_INITIALIZERS='-Wno-missing-field-initializers'
OBJDUMP='mipsel-linux-objdump'
OBJEXT='o'
OTOOL64=''
OTOOL=''
PACKAGE='opcodes'
PACKAGE_BUGREPORT=''
PACKAGE_NAME='opcodes'
PACKAGE_STRING='opcodes 2.27.51'
PACKAGE_TARNAME='opcodes'
PACKAGE_URL=''
PACKAGE_VERSION='2.27.51'
PATH_SEPARATOR=':'
POSUB=''
RANLIB='/opt/mipsel-buildroot-linux-gnu_sdk-buildroot/bin/mips-mti-linux-gnu-ranlib'
SED='/usr/bin/sed'
SET_MAKE=''
SHARED_DEPENDENCIES=''
SHARED_LDFLAGS=''
SHARED_LIBADD=''
SHELL='/bin/bash'
STRIP='/opt/mipsel-buildroot-linux-gnu_sdk-buildroot/bin/mips-mti-linux-gnu-strip'
USE_NLS='no'
VERSION='2.27.51'
WARN_CFLAGS='-W -Wall -Wstrict-prototypes -Wmissing-prototypes -Wshadow -Wstack-usage=262144'
WARN_WRITE_STRINGS='-Wwrite-strings'
XGETTEXT='/opt/mipsel-buildroot-linux-gnu_sdk-buildroot/bin/xgettext'
ac_ct_CC=''
ac_ct_DUMPBIN=''
am__EXEEXT_FALSE=''
am__EXEEXT_TRUE='#'
am__fastdepCC_FALSE='#'
am__fastdepCC_TRUE=''
am__include='include'
am__isrc=''
am__leading_dot='.'
am__nodep='_no'
am__quote=''
am__tar='$${TAR-tar} chof - "$$tardir"'
am__untar='$${TAR-tar} xf -'
archdefs=' -DARCH_mips'
bfdincludedir='$(includedir)'
bfdlibdir='$(libdir)'
bindir='${exec_prefix}/bin'
build='x86_64-pc-linux-gnu'
build_alias='x86_64-pc-linux-gnu'
build_cpu='x86_64'
build_os='linux-gnu'
build_vendor='pc'
cgendir='$(srcdir)/../cgen'
datadir='${datarootdir}'
datarootdir='${prefix}/share'
docdir='${datarootdir}/doc/${PACKAGE_TARNAME}'
dvidir='${docdir}'
exec_prefix='${prefix}'
host='mipsel-unknown-linux-gnu'
host_alias='mipsel-linux'
host_cpu='mipsel'
host_noncanonical='mipsel-linux'
host_os='linux-gnu'
host_vendor='unknown'
htmldir='${docdir}'
includedir='${prefix}/include'
infodir='${datarootdir}/info'
install_sh='${SHELL} /workspace/gdb-7.12.1/install-sh'
libdir='${exec_prefix}/lib'
libexecdir='${exec_prefix}/libexec'
localedir='${datarootdir}/locale'
localstatedir='${prefix}/var'
mandir='${datarootdir}/man'
mkdir_p='/usr/bin/mkdir -p'
oldincludedir='/usr/include'
pdfdir='${docdir}'
prefix='/workspace/gdb-mipsel-static'
program_transform_name='s,y,y,'
psdir='${docdir}'
sbindir='${exec_prefix}/sbin'
sharedstatedir='${prefix}/com'
sysconfdir='${prefix}/etc'
target='mipsel-unknown-linux-gnu'
target_alias='mipsel-linux'
target_cpu='mipsel'
target_noncanonical='mipsel-linux'
target_os='linux-gnu'
target_vendor='unknown'

## ----------- ##
## confdefs.h. ##
## ----------- ##

/* confdefs.h */
#define PACKAGE_NAME "opcodes"
#define PACKAGE_TARNAME "opcodes"
#define PACKAGE_VERSION "2.27.51"
#define PACKAGE_STRING "opcodes 2.27.51"
#define PACKAGE_BUGREPORT ""
#define PACKAGE_URL ""
#define PACKAGE "opcodes"
#define VERSION "2.27.51"
#define STDC_HEADERS 1
#define HAVE_SYS_TYPES_H 1
#define HAVE_SYS_STAT_H 1
#define HAVE_STDLIB_H 1
#define HAVE_STRING_H 1
#define HAVE_MEMORY_H 1
#define HAVE_STRINGS_H 1
#define HAVE_INTTYPES_H 1
#define HAVE_STDINT_H 1
#define HAVE_UNISTD_H 1
#define __EXTENSIONS__ 1
#define _ALL_SOURCE 1
#define _GNU_SOURCE 1
#define _POSIX_PTHREAD_SEMANTICS 1
#define _TANDEM_SOURCE 1
#define HAVE_DLFCN_H 1
#define LT_OBJDIR ".libs/"
#define HAVE_STRING_H 1
#define HAVE_STRINGS_H 1
#define HAVE_STDLIB_H 1
#define HAVE_LIMITS_H 1
#define STRING_WITH_STRINGS 1
#define HAVE_DECL_BASENAME 1
#define HAVE_DECL_STPCPY 1
#define HAVE_SIGSETJMP 1

configure: exit 0
