This file contains any messages produced by compilers while
running configure, to aid debugging if configure makes a mistake.

It was created by configure, which was
generated by GNU Autoconf 2.64.  Invocation command line was

  $ ./configure --host=mipsel-linux --disable-werror --disable-nls --disable-shared --enable-static --without-python --without-expat --without-gmp --without-mpfr --prefix=/workspace/gdb-mipsel-static

## --------- ##
## Platform. ##
## --------- ##

hostname = ab43ed9112c1
uname -m = x86_64
uname -r = 6.8.0-60-generic
uname -s = Linux
uname -v = #63-Ubuntu SMP PREEMPT_DYNAMIC Tue Apr 15 19:04:15 UTC 2025

/usr/bin/uname -p = unknown
/bin/uname -X     = unknown

/bin/arch              = x86_64
/usr/bin/arch -k       = unknown
/usr/convex/getsysinfo = unknown
/usr/bin/hostinfo      = unknown
/bin/machine           = unknown
/usr/bin/oslevel       = unknown
/bin/universe          = unknown

PATH: /opt/mipsel-buildroot-linux-gnu_sdk-buildroot/bin
PATH: /usr/local/sbin
PATH: /usr/local/bin
PATH: /usr/sbin
PATH: /usr/bin
PATH: /sbin
PATH: /bin


## ----------- ##
## Core tests. ##
## ----------- ##

configure:2297: checking build system type
configure:2311: result: x86_64-pc-linux-gnu
configure:2358: checking host system type
configure:2371: result: mipsel-unknown-linux-gnu
configure:2391: checking target system type
configure:2404: result: mipsel-unknown-linux-gnu
configure:2458: checking for a BSD-compatible install
configure:2526: result: /usr/bin/install -c
configure:2537: checking whether ln works
configure:2559: result: yes
configure:2563: checking whether ln -s works
configure:2567: result: yes
configure:2574: checking for a sed that does not truncate output
configure:2638: result: /usr/bin/sed
configure:2647: checking for gawk
configure:2677: result: no
configure:2647: checking for mawk
configure:2663: found /usr/bin/mawk
configure:2674: result: mawk
configure:4078: checking for mipsel-linux-gcc
configure:4105: result: /opt/mipsel-buildroot-linux-gnu_sdk-buildroot/bin/mips-mti-linux-gnu-gcc
configure:4374: checking for C compiler version
configure:4383: /opt/mipsel-buildroot-linux-gnu_sdk-buildroot/bin/mips-mti-linux-gnu-gcc --version >&5
mips-mti-linux-gnu-gcc (Codescape GNU Tools 2018.09-02 for MIPS MTI Linux) 6.3.0
Copyright (C) 2016 Free Software Foundation, Inc.
This is free software; see the source for copying conditions.  There is NO
warranty; not even for MERCHANTABILITY or FITNESS FOR A PARTICULAR PURPOSE.

configure:4394: $? = 0
configure:4383: /opt/mipsel-buildroot-linux-gnu_sdk-buildroot/bin/mips-mti-linux-gnu-gcc -v >&5
Using built-in specs.
COLLECT_GCC=/opt/mipsel-buildroot-linux-gnu_sdk-buildroot/opt/ext-toolchain/bin/mips-mti-linux-gnu-gcc
COLLECT_LTO_WRAPPER=/opt/mipsel-buildroot-linux-gnu_sdk-buildroot/opt/ext-toolchain/bin/../libexec/gcc/mips-mti-linux-gnu/6.3.0/lto-wrapper
Target: mips-mti-linux-gnu
Configured with: /scratch/overtest/root/69361/240198/shared/gcc/configure --prefix=/scratch/overtest/root/69361/240300/shared/mips-mti-linux-gnu/2018.09-02 --host=x86_64-pc-linux-gnu --build=x86_64-pc-linux-gnu --disable-libssp --disable-libmudflap --disable-decimal-float --with-mips-plt --target=mips-mti-linux-gnu --enable-languages=c,c++,fortran --with-sysroot=/scratch/overtest/root/69361/240300/shared/mips-mti-linux-gnu/2018.09-02/sysroot --enable-__cxa_atexit --with-bugurl=http://mips.com/mips-sdk-support/ --with-pkgversion='Codescape GNU Tools 2018.09-02 for MIPS MTI Linux'
Thread model: posix
gcc version 6.3.0 (Codescape GNU Tools 2018.09-02 for MIPS MTI Linux) 
configure:4394: $? = 0
configure:4383: /opt/mipsel-buildroot-linux-gnu_sdk-buildroot/bin/mips-mti-linux-gnu-gcc -V >&5
mips-mti-linux-gnu-gcc: error: unrecognized command line option '-V'
mips-mti-linux-gnu-gcc: fatal error: no input files
compilation terminated.
configure:4394: $? = 1
configure:4383: /opt/mipsel-buildroot-linux-gnu_sdk-buildroot/bin/mips-mti-linux-gnu-gcc -qversion >&5
mips-mti-linux-gnu-gcc: error: unrecognized command line option '-qversion'; did you mean '--version'?
mips-mti-linux-gnu-gcc: fatal error: no input files
compilation terminated.
configure:4394: $? = 1
configure:4414: checking for C compiler default output file name
configure:4436: /opt/mipsel-buildroot-linux-gnu_sdk-buildroot/bin/mips-mti-linux-gnu-gcc -O2 -march=mips32r2  -static conftest.c  >&5
configure:4440: $? = 0
configure:4477: result: a.out
configure:4493: checking whether the C compiler works
configure:4502: ./a.out
./configure: line 4504: ./a.out: cannot execute binary file: Exec format error
configure:4506: $? = 126
configure:4521: result: yes
configure:4528: checking whether we are cross compiling
configure:4530: result: yes
configure:4533: checking for suffix of executables
configure:4540: /opt/mipsel-buildroot-linux-gnu_sdk-buildroot/bin/mips-mti-linux-gnu-gcc -o conftest -O2 -march=mips32r2  -static conftest.c  >&5
configure:4544: $? = 0
configure:4566: result: 
configure:4572: checking for suffix of object files
configure:4594: /opt/mipsel-buildroot-linux-gnu_sdk-buildroot/bin/mips-mti-linux-gnu-gcc -c -O2 -march=mips32r2  conftest.c >&5
configure:4598: $? = 0
configure:4619: result: o
configure:4623: checking whether we are using the GNU C compiler
configure:4642: /opt/mipsel-buildroot-linux-gnu_sdk-buildroot/bin/mips-mti-linux-gnu-gcc -c -O2 -march=mips32r2  conftest.c >&5
configure:4642: $? = 0
configure:4651: result: yes
configure:4660: checking whether /opt/mipsel-buildroot-linux-gnu_sdk-buildroot/bin/mips-mti-linux-gnu-gcc accepts -g
configure:4680: /opt/mipsel-buildroot-linux-gnu_sdk-buildroot/bin/mips-mti-linux-gnu-gcc -c -g  conftest.c >&5
configure:4680: $? = 0
configure:4721: result: yes
configure:4738: checking for /opt/mipsel-buildroot-linux-gnu_sdk-buildroot/bin/mips-mti-linux-gnu-gcc option to accept ISO C89
configure:4802: /opt/mipsel-buildroot-linux-gnu_sdk-buildroot/bin/mips-mti-linux-gnu-gcc  -c -O2 -march=mips32r2  conftest.c >&5
configure:4802: $? = 0
configure:4815: result: none needed
configure:4947: checking for C++ compiler version
configure:4956: /opt/mipsel-buildroot-linux-gnu_sdk-buildroot/bin/mips-mti-linux-gnu-g++ --version >&5
mips-mti-linux-gnu-g++ (Codescape GNU Tools 2018.09-02 for MIPS MTI Linux) 6.3.0
Copyright (C) 2016 Free Software Foundation, Inc.
This is free software; see the source for copying conditions.  There is NO
warranty; not even for MERCHANTABILITY or FITNESS FOR A PARTICULAR PURPOSE.

configure:4967: $? = 0
configure:4956: /opt/mipsel-buildroot-linux-gnu_sdk-buildroot/bin/mips-mti-linux-gnu-g++ -v >&5
Using built-in specs.
COLLECT_GCC=/opt/mipsel-buildroot-linux-gnu_sdk-buildroot/opt/ext-toolchain/bin/mips-mti-linux-gnu-g++
COLLECT_LTO_WRAPPER=/opt/mipsel-buildroot-linux-gnu_sdk-buildroot/opt/ext-toolchain/bin/../libexec/gcc/mips-mti-linux-gnu/6.3.0/lto-wrapper
Target: mips-mti-linux-gnu
Configured with: /scratch/overtest/root/69361/240198/shared/gcc/configure --prefix=/scratch/overtest/root/69361/240300/shared/mips-mti-linux-gnu/2018.09-02 --host=x86_64-pc-linux-gnu --build=x86_64-pc-linux-gnu --disable-libssp --disable-libmudflap --disable-decimal-float --with-mips-plt --target=mips-mti-linux-gnu --enable-languages=c,c++,fortran --with-sysroot=/scratch/overtest/root/69361/240300/shared/mips-mti-linux-gnu/2018.09-02/sysroot --enable-__cxa_atexit --with-bugurl=http://mips.com/mips-sdk-support/ --with-pkgversion='Codescape GNU Tools 2018.09-02 for MIPS MTI Linux'
Thread model: posix
gcc version 6.3.0 (Codescape GNU Tools 2018.09-02 for MIPS MTI Linux) 
configure:4967: $? = 0
configure:4956: /opt/mipsel-buildroot-linux-gnu_sdk-buildroot/bin/mips-mti-linux-gnu-g++ -V >&5
mips-mti-linux-gnu-g++: error: unrecognized command line option '-V'
mips-mti-linux-gnu-g++: fatal error: no input files
compilation terminated.
configure:4967: $? = 1
configure:4956: /opt/mipsel-buildroot-linux-gnu_sdk-buildroot/bin/mips-mti-linux-gnu-g++ -qversion >&5
mips-mti-linux-gnu-g++: error: unrecognized command line option '-qversion'; did you mean '--version'?
mips-mti-linux-gnu-g++: fatal error: no input files
compilation terminated.
configure:4967: $? = 1
configure:4971: checking whether we are using the GNU C++ compiler
configure:4990: /opt/mipsel-buildroot-linux-gnu_sdk-buildroot/bin/mips-mti-linux-gnu-g++ -c -O2 -march=mips32r2  conftest.cpp >&5
configure:4990: $? = 0
configure:4999: result: yes
configure:5008: checking whether /opt/mipsel-buildroot-linux-gnu_sdk-buildroot/bin/mips-mti-linux-gnu-g++ accepts -g
configure:5028: /opt/mipsel-buildroot-linux-gnu_sdk-buildroot/bin/mips-mti-linux-gnu-g++ -c -g  conftest.cpp >&5
configure:5028: $? = 0
configure:5069: result: yes
configure:5118: checking whether g++ accepts -static-libstdc++ -static-libgcc
configure:5135: /opt/mipsel-buildroot-linux-gnu_sdk-buildroot/bin/mips-mti-linux-gnu-g++ -o conftest -O2 -march=mips32r2  -static -static-libstdc++ -static-libgcc conftest.cpp  >&5
configure:5135: $? = 0
configure:5136: result: yes
configure:5160: checking for mipsel-linux-gnatbind
configure:5190: result: no
configure:5200: checking for gnatbind
configure:5230: result: no
configure:5252: checking for mipsel-linux-gnatmake
configure:5282: result: no
configure:5292: checking for gnatmake
configure:5322: result: no
configure:5341: checking whether compiler driver understands Ada
configure:5364: result: no
configure:5373: checking how to compare bootstrapped objects
configure:5398: result: cmp --ignore-initial=16 $$f1 $$f2
configure:5458: checking for objdir
configure:5473: result: .libs
configure:6024: checking for isl 0.16, 0.15, or deprecated 0.14
configure:6037: /opt/mipsel-buildroot-linux-gnu_sdk-buildroot/bin/mips-mti-linux-gnu-gcc -o conftest -O2 -march=mips32r2  -Ino/include -Ino/include   -static  -lisl -Lno/lib -Lno/lib -lmpc -lmpfr -lgmp conftest.c  -lisl -lgmp >&5
conftest.c:10:21: fatal error: isl/ctx.h: No such file or directory
 #include <isl/ctx.h>
                     ^
compilation terminated.
configure:6037: $? = 1
configure: failed program was:
| /* confdefs.h */
| #define PACKAGE_NAME ""
| #define PACKAGE_TARNAME ""
| #define PACKAGE_VERSION ""
| #define PACKAGE_STRING ""
| #define PACKAGE_BUGREPORT ""
| #define PACKAGE_URL ""
| #define LT_OBJDIR ".libs/"
| /* end confdefs.h.  */
| #include <isl/ctx.h>
| int
| main ()
| {
| isl_ctx_get_max_operations (isl_ctx_alloc ());
|   ;
|   return 0;
| }
configure:6044: result: no
configure:6048: result: recommended isl version is 0.16 or 0.15, the minimum required isl version 0.14 is deprecated
configure:6052: checking for isl 0.16 or 0.15
configure:6065: /opt/mipsel-buildroot-linux-gnu_sdk-buildroot/bin/mips-mti-linux-gnu-gcc -o conftest -O2 -march=mips32r2  -Ino/include -Ino/include   -static  -lisl -Lno/lib -Lno/lib -lmpc -lmpfr -lgmp conftest.c  -lisl -lgmp >&5
conftest.c:10:26: fatal error: isl/schedule.h: No such file or directory
 #include <isl/schedule.h>
                          ^
compilation terminated.
configure:6065: $? = 1
configure: failed program was:
| /* confdefs.h */
| #define PACKAGE_NAME ""
| #define PACKAGE_TARNAME ""
| #define PACKAGE_VERSION ""
| #define PACKAGE_STRING ""
| #define PACKAGE_BUGREPORT ""
| #define PACKAGE_URL ""
| #define LT_OBJDIR ".libs/"
| /* end confdefs.h.  */
| #include <isl/schedule.h>
| int
| main ()
| {
| isl_options_set_schedule_serialize_sccs (NULL, 0);
|   ;
|   return 0;
| }
configure:6072: result: no
configure:7076: checking for default BUILD_CONFIG
configure:7108: result: 
configure:7113: checking for --enable-vtable-verify
configure:7126: result: no
configure:7722: checking for bison
configure:7738: found /opt/mipsel-buildroot-linux-gnu_sdk-buildroot/bin/bison
configure:7749: result: bison -y
configure:7769: checking for bison
configure:7785: found /opt/mipsel-buildroot-linux-gnu_sdk-buildroot/bin/bison
configure:7796: result: bison
configure:7816: checking for gm4
configure:7846: result: no
configure:7816: checking for gnum4
configure:7846: result: no
configure:7816: checking for m4
configure:7832: found /opt/mipsel-buildroot-linux-gnu_sdk-buildroot/bin/m4
configure:7843: result: m4
configure:7863: checking for flex
configure:7879: found /opt/mipsel-buildroot-linux-gnu_sdk-buildroot/bin/flex
configure:7890: result: flex
configure:7911: checking for flex
configure:7927: found /opt/mipsel-buildroot-linux-gnu_sdk-buildroot/bin/flex
configure:7938: result: flex
configure:7958: checking for makeinfo
configure:7988: result: no
configure:8019: checking for expect
configure:8049: result: no
configure:8068: checking for runtest
configure:8098: result: no
configure:8132: checking for ar
configure:8159: result: /opt/mipsel-buildroot-linux-gnu_sdk-buildroot/bin/mips-mti-linux-gnu-ar
configure:8174: checking for mipsel-linux-ar
configure:8201: result: /opt/mipsel-buildroot-linux-gnu_sdk-buildroot/bin/mips-mti-linux-gnu-ar
configure:8273: checking for as
configure:8300: result: as
configure:8315: checking for mipsel-linux-as
configure:8342: result: as
configure:8456: checking for mipsel-linux-dlltool
configure:8486: result: no
configure:8555: checking for ld
configure:8582: result: /opt/mipsel-buildroot-linux-gnu_sdk-buildroot/bin/mips-mti-linux-gnu-ld
configure:8597: checking for mipsel-linux-ld
configure:8624: result: /opt/mipsel-buildroot-linux-gnu_sdk-buildroot/bin/mips-mti-linux-gnu-ld
configure:8738: checking for mipsel-linux-lipo
configure:8768: result: no
configure:8879: checking for mipsel-linux-nm
configure:8909: result: no
configure:8978: checking for ranlib
configure:9005: result: /opt/mipsel-buildroot-linux-gnu_sdk-buildroot/bin/mips-mti-linux-gnu-ranlib
configure:9020: checking for mipsel-linux-ranlib
configure:9047: result: /opt/mipsel-buildroot-linux-gnu_sdk-buildroot/bin/mips-mti-linux-gnu-ranlib
configure:9114: checking for strip
configure:9141: result: /opt/mipsel-buildroot-linux-gnu_sdk-buildroot/bin/mips-mti-linux-gnu-strip
configure:9156: checking for mipsel-linux-strip
configure:9183: result: /opt/mipsel-buildroot-linux-gnu_sdk-buildroot/bin/mips-mti-linux-gnu-strip
configure:9292: checking for mipsel-linux-windres
configure:9322: result: no
configure:9433: checking for mipsel-linux-windmc
configure:9463: result: no
configure:9574: checking for mipsel-linux-objcopy
configure:9604: result: no
configure:9715: checking for mipsel-linux-objdump
configure:9745: result: no
configure:9856: checking for mipsel-linux-readelf
configure:9886: result: no
configure:13934: checking where to find the target ar
configure:13944: result: pre-installed
configure:13976: checking where to find the target as
configure:13986: result: pre-installed
configure:14018: checking where to find the target cc
configure:14028: result: pre-installed
configure:14060: checking where to find the target c++
configure:14070: result: pre-installed
configure:14105: checking where to find the target c++ for libstdc++
configure:14115: result: pre-installed
configure:14150: checking where to find the target dlltool
configure:14160: result: pre-installed
configure:14192: checking where to find the target gcc
configure:14202: result: pre-installed
configure:14234: checking where to find the target gcj
configure:14244: result: pre-installed
configure:14279: checking where to find the target gfortran
configure:14289: result: pre-installed
configure:14324: checking where to find the target gccgo
configure:14334: result: pre-installed
configure:14369: checking where to find the target ld
configure:14379: result: pre-installed
configure:14411: checking where to find the target lipo
configure:14421: result: pre-installed
configure:14442: checking where to find the target nm
configure:14452: result: pre-installed
configure:14484: checking where to find the target objcopy
configure:14494: result: pre-installed
configure:14526: checking where to find the target objdump
configure:14536: result: pre-installed
configure:14568: checking where to find the target ranlib
configure:14578: result: pre-installed
configure:14610: checking where to find the target readelf
configure:14620: result: pre-installed
configure:14652: checking where to find the target strip
configure:14662: result: pre-installed
configure:14694: checking where to find the target windres
configure:14704: result: pre-installed
configure:14736: checking where to find the target windmc
configure:14746: result: pre-installed
configure:14806: checking whether to enable maintainer-specific portions of Makefiles
configure:14815: result: no
configure:15064: creating ./config.status

## ---------------------- ##
## Running config.status. ##
## ---------------------- ##

This file was extended by config.status, which was
generated by GNU Autoconf 2.64.  Invocation command line was

  CONFIG_FILES    = 
  CONFIG_HEADERS  = 
  CONFIG_LINKS    = 
  CONFIG_COMMANDS = 
  $ ./config.status 

on ab43ed9112c1

config.status:947: creating Makefile

## ---------------- ##
## Cache variables. ##
## ---------------- ##

ac_cv_build=x86_64-pc-linux-gnu
ac_cv_c_compiler_gnu=yes
ac_cv_cxx_compiler_gnu=yes
ac_cv_env_AR_FOR_TARGET_set=
ac_cv_env_AR_FOR_TARGET_value=
ac_cv_env_AR_set=set
ac_cv_env_AR_value=/opt/mipsel-buildroot-linux-gnu_sdk-buildroot/bin/mips-mti-linux-gnu-ar
ac_cv_env_AS_FOR_TARGET_set=
ac_cv_env_AS_FOR_TARGET_value=
ac_cv_env_AS_set=set
ac_cv_env_AS_value=as
ac_cv_env_CCC_set=
ac_cv_env_CCC_value=
ac_cv_env_CC_FOR_TARGET_set=
ac_cv_env_CC_FOR_TARGET_value=
ac_cv_env_CC_set=set
ac_cv_env_CC_value=/opt/mipsel-buildroot-linux-gnu_sdk-buildroot/bin/mips-mti-linux-gnu-gcc
ac_cv_env_CFLAGS_set=set
ac_cv_env_CFLAGS_value='-O2 -march=mips32r2'
ac_cv_env_CPPFLAGS_set=
ac_cv_env_CPPFLAGS_value=
ac_cv_env_CXXFLAGS_set=set
ac_cv_env_CXXFLAGS_value='-O2 -march=mips32r2'
ac_cv_env_CXX_FOR_TARGET_set=
ac_cv_env_CXX_FOR_TARGET_value=
ac_cv_env_CXX_set=set
ac_cv_env_CXX_value=/opt/mipsel-buildroot-linux-gnu_sdk-buildroot/bin/mips-mti-linux-gnu-g++
ac_cv_env_DLLTOOL_FOR_TARGET_set=
ac_cv_env_DLLTOOL_FOR_TARGET_value=
ac_cv_env_DLLTOOL_set=
ac_cv_env_DLLTOOL_value=
ac_cv_env_GCC_FOR_TARGET_set=
ac_cv_env_GCC_FOR_TARGET_value=
ac_cv_env_GCJ_FOR_TARGET_set=
ac_cv_env_GCJ_FOR_TARGET_value=
ac_cv_env_GFORTRAN_FOR_TARGET_set=
ac_cv_env_GFORTRAN_FOR_TARGET_value=
ac_cv_env_GOC_FOR_TARGET_set=
ac_cv_env_GOC_FOR_TARGET_value=
ac_cv_env_LDFLAGS_set=set
ac_cv_env_LDFLAGS_value=-static
ac_cv_env_LD_FOR_TARGET_set=
ac_cv_env_LD_FOR_TARGET_value=
ac_cv_env_LD_set=set
ac_cv_env_LD_value=/opt/mipsel-buildroot-linux-gnu_sdk-buildroot/bin/mips-mti-linux-gnu-ld
ac_cv_env_LIBS_set=
ac_cv_env_LIBS_value=
ac_cv_env_LIPO_FOR_TARGET_set=
ac_cv_env_LIPO_FOR_TARGET_value=
ac_cv_env_LIPO_set=
ac_cv_env_LIPO_value=
ac_cv_env_NM_FOR_TARGET_set=
ac_cv_env_NM_FOR_TARGET_value=
ac_cv_env_NM_set=
ac_cv_env_NM_value=
ac_cv_env_OBJCOPY_FOR_TARGET_set=
ac_cv_env_OBJCOPY_FOR_TARGET_value=
ac_cv_env_OBJCOPY_set=
ac_cv_env_OBJCOPY_value=
ac_cv_env_OBJDUMP_FOR_TARGET_set=
ac_cv_env_OBJDUMP_FOR_TARGET_value=
ac_cv_env_OBJDUMP_set=
ac_cv_env_OBJDUMP_value=
ac_cv_env_RANLIB_FOR_TARGET_set=
ac_cv_env_RANLIB_FOR_TARGET_value=
ac_cv_env_RANLIB_set=set
ac_cv_env_RANLIB_value=/opt/mipsel-buildroot-linux-gnu_sdk-buildroot/bin/mips-mti-linux-gnu-ranlib
ac_cv_env_READELF_FOR_TARGET_set=
ac_cv_env_READELF_FOR_TARGET_value=
ac_cv_env_READELF_set=
ac_cv_env_READELF_value=
ac_cv_env_STRIP_FOR_TARGET_set=
ac_cv_env_STRIP_FOR_TARGET_value=
ac_cv_env_STRIP_set=set
ac_cv_env_STRIP_value=/opt/mipsel-buildroot-linux-gnu_sdk-buildroot/bin/mips-mti-linux-gnu-strip
ac_cv_env_WINDMC_FOR_TARGET_set=
ac_cv_env_WINDMC_FOR_TARGET_value=
ac_cv_env_WINDMC_set=
ac_cv_env_WINDMC_value=
ac_cv_env_WINDRES_FOR_TARGET_set=
ac_cv_env_WINDRES_FOR_TARGET_value=
ac_cv_env_WINDRES_set=
ac_cv_env_WINDRES_value=
ac_cv_env_build_alias_set=
ac_cv_env_build_alias_value=
ac_cv_env_build_configargs_set=
ac_cv_env_build_configargs_value=
ac_cv_env_host_alias_set=set
ac_cv_env_host_alias_value=mipsel-linux
ac_cv_env_host_configargs_set=
ac_cv_env_host_configargs_value=
ac_cv_env_target_alias_set=
ac_cv_env_target_alias_value=
ac_cv_env_target_configargs_set=
ac_cv_env_target_configargs_value=
ac_cv_host=mipsel-unknown-linux-gnu
ac_cv_objext=o
ac_cv_path_SED=/usr/bin/sed
ac_cv_path_install='/usr/bin/install -c'
ac_cv_prog_AR=/opt/mipsel-buildroot-linux-gnu_sdk-buildroot/bin/mips-mti-linux-gnu-ar
ac_cv_prog_AS=as
ac_cv_prog_AWK=mawk
ac_cv_prog_BISON=bison
ac_cv_prog_CC=/opt/mipsel-buildroot-linux-gnu_sdk-buildroot/bin/mips-mti-linux-gnu-gcc
ac_cv_prog_FLEX=flex
ac_cv_prog_LD=/opt/mipsel-buildroot-linux-gnu_sdk-buildroot/bin/mips-mti-linux-gnu-ld
ac_cv_prog_LEX=flex
ac_cv_prog_M4=m4
ac_cv_prog_RANLIB=/opt/mipsel-buildroot-linux-gnu_sdk-buildroot/bin/mips-mti-linux-gnu-ranlib
ac_cv_prog_STRIP=/opt/mipsel-buildroot-linux-gnu_sdk-buildroot/bin/mips-mti-linux-gnu-strip
ac_cv_prog_YACC='bison -y'
ac_cv_prog_cc_c89=
ac_cv_prog_cc_g=yes
ac_cv_prog_cxx_g=yes
ac_cv_target=mipsel-unknown-linux-gnu
acx_cv_cc_gcc_supports_ada=no
acx_cv_prog_LN=ln
gcc_cv_isl=no
gcc_cv_prog_cmp_skip='cmp --ignore-initial=16 $$f1 $$f2'
gcc_cv_tool_dirs=
gcc_cv_tool_prefix=/workspace/gdb-mipsel-static
lt_cv_objdir=.libs

## ----------------- ##
## Output variables. ##
## ----------------- ##

AR='/opt/mipsel-buildroot-linux-gnu_sdk-buildroot/bin/mips-mti-linux-gnu-ar'
AR_FOR_BUILD='ar'
AR_FOR_TARGET='ar'
AS='as'
AS_FOR_BUILD='as'
AS_FOR_TARGET='as'
AWK='mawk'
BISON='bison'
BUILD_CONFIG=''
CC='/opt/mipsel-buildroot-linux-gnu_sdk-buildroot/bin/mips-mti-linux-gnu-gcc'
CC_FOR_BUILD='gcc'
CC_FOR_TARGET='cc'
CFLAGS='-O2 -march=mips32r2'
CFLAGS_FOR_BUILD=''
CFLAGS_FOR_TARGET='-g -O2 -march=mips32r2'
COMPILER_AS_FOR_TARGET='$(AS_FOR_TARGET)'
COMPILER_LD_FOR_TARGET='$(LD_FOR_TARGET)'
COMPILER_NM_FOR_TARGET='$(NM_FOR_TARGET)'
CONFIGURE_GDB_TK=''
CPPFLAGS=''
CXX='/opt/mipsel-buildroot-linux-gnu_sdk-buildroot/bin/mips-mti-linux-gnu-g++'
CXXFLAGS='-O2 -march=mips32r2'
CXXFLAGS_FOR_BUILD=''
CXXFLAGS_FOR_TARGET='-g -O2 -march=mips32r2'
CXX_FOR_BUILD='g++'
CXX_FOR_TARGET='c++'
DEBUG_PREFIX_CFLAGS_FOR_TARGET=''
DEFS='-DPACKAGE_NAME=\"\" -DPACKAGE_TARNAME=\"\" -DPACKAGE_VERSION=\"\" -DPACKAGE_STRING=\"\" -DPACKAGE_BUGREPORT=\"\" -DPACKAGE_URL=\"\" -DLT_OBJDIR=\".libs/\"'
DLLTOOL='mipsel-linux-dlltool'
DLLTOOL_FOR_BUILD='dlltool'
DLLTOOL_FOR_TARGET='dlltool'
ECHO_C=''
ECHO_N='-n'
ECHO_T=''
EXEEXT=''
EXPECT='expect'
EXTRA_CONFIGARGS_LIBJAVA='--disable-static'
FLAGS_FOR_TARGET=''
FLEX='flex'
GCC_FOR_TARGET='cc'
GCC_SHLIB_SUBDIR=''
GCJ_FOR_BUILD='gcj'
GCJ_FOR_TARGET='gcj'
GDB_TK=''
GFORTRAN_FOR_BUILD='gfortran'
GFORTRAN_FOR_TARGET='gfortran'
GNATBIND='no'
GNATMAKE='no'
GOC_FOR_BUILD='gccgo'
GOC_FOR_TARGET='gccgo'
INSTALL_DATA='${INSTALL} -m 644'
INSTALL_GDB_TK=''
INSTALL_PROGRAM='${INSTALL}'
INSTALL_SCRIPT='${INSTALL}'
LD='/opt/mipsel-buildroot-linux-gnu_sdk-buildroot/bin/mips-mti-linux-gnu-ld'
LDFLAGS='-static'
LDFLAGS_FOR_BUILD=''
LDFLAGS_FOR_TARGET=''
LD_FOR_BUILD='ld'
LD_FOR_TARGET='ld'
LEX='flex'
LIBOBJS=''
LIBS=''
LIPO='mipsel-linux-lipo'
LIPO_FOR_TARGET='lipo'
LN='ln'
LN_S='ln -s'
LTLIBOBJS=''
M4='m4'
MAINT='#'
MAINTAINER_MODE_FALSE=''
MAINTAINER_MODE_TRUE='#'
MAKEINFO='/workspace/gdb-7.12.1/missing makeinfo'
NM='mipsel-linux-nm'
NM_FOR_BUILD='nm'
NM_FOR_TARGET='nm'
OBJCOPY='mipsel-linux-objcopy'
OBJCOPY_FOR_TARGET='objcopy'
OBJDUMP='mipsel-linux-objdump'
OBJDUMP_FOR_TARGET='objdump'
OBJEXT='o'
PACKAGE_BUGREPORT=''
PACKAGE_NAME=''
PACKAGE_STRING=''
PACKAGE_TARNAME=''
PACKAGE_URL=''
PACKAGE_VERSION=''
PATH_SEPARATOR=':'
RANLIB='/opt/mipsel-buildroot-linux-gnu_sdk-buildroot/bin/mips-mti-linux-gnu-ranlib'
RANLIB_FOR_BUILD='ranlib'
RANLIB_FOR_TARGET='ranlib'
RAW_CXX_FOR_TARGET='c++'
READELF='mipsel-linux-readelf'
READELF_FOR_TARGET='readelf'
RPATH_ENVVAR='LD_LIBRARY_PATH'
RUNTEST='runtest'
SED='/usr/bin/sed'
SHELL='/bin/bash'
STRIP='/opt/mipsel-buildroot-linux-gnu_sdk-buildroot/bin/mips-mti-linux-gnu-strip'
STRIP_FOR_TARGET='strip'
SYSROOT_CFLAGS_FOR_TARGET=''
TOPLEVEL_CONFIGURE_ARGUMENTS='./configure --host=mipsel-linux --disable-werror --disable-nls --disable-shared --enable-static --without-python --without-expat --without-gmp --without-mpfr --prefix=/workspace/gdb-mipsel-static'
WINDMC='mipsel-linux-windmc'
WINDMC_FOR_BUILD='windmc'
WINDMC_FOR_TARGET='windmc'
WINDRES='mipsel-linux-windres'
WINDRES_FOR_BUILD='windres'
WINDRES_FOR_TARGET='windres'
YACC='bison -y'
ac_ct_CC=''
ac_ct_CXX=''
bindir='${exec_prefix}/bin'
build='x86_64-pc-linux-gnu'
build_alias=''
build_configargs=' --cache-file=./config.cache '\''--disable-werror'\'' '\''--disable-nls'\'' '\''--disable-shared'\'' '\''--enable-static'\'' '\''--without-python'\'' '\''--without-expat'\'' '\''--without-gmp'\'' '\''--without-mpfr'\'' '\''--prefix=/workspace/gdb-mipsel-static'\'' --program-transform-name='\''s,y,y,'\'' --disable-option-checking'
build_configdirs=' libiberty'
build_cpu='x86_64'
build_libsubdir='build-x86_64-pc-linux-gnu'
build_noncanonical='x86_64-pc-linux-gnu'
build_os='linux-gnu'
build_subdir='build-x86_64-pc-linux-gnu'
build_tooldir='${exec_prefix}/mipsel-linux'
build_vendor='pc'
compare_exclusions='gcc/cc*-checksum$(objext) | gcc/ada/*tools/*'
configdirs=' intl libiberty opcodes bfd readline zlib libdecnumber sim gdb etc'
datadir='${datarootdir}'
datarootdir='${prefix}/share'
do_compare='cmp --ignore-initial=16 $$f1 $$f2'
docdir='${datarootdir}/doc/${PACKAGE}'
dvidir='${docdir}'
exec_prefix='${prefix}'
extra_host_libiberty_configure_flags=''
extra_host_zlib_configure_flags=''
extra_isl_gmp_configure_flags=''
extra_liboffloadmic_configure_flags=''
extra_linker_plugin_configure_flags=''
extra_linker_plugin_flags=''
extra_mpc_gmp_configure_flags=''
extra_mpc_mpfr_configure_flags=''
extra_mpfr_configure_flags=''
gmpinc='-Ino/include -Ino/include '
gmplibs='-Lno/lib -Lno/lib -lmpc -lmpfr -lgmp'
host='mipsel-unknown-linux-gnu'
host_alias='mipsel-linux'
host_configargs=' --cache-file=./config.cache  '\''--disable-werror'\'' '\''--disable-nls'\'' '\''--disable-shared'\'' '\''--enable-static'\'' '\''--without-python'\'' '\''--without-expat'\'' '\''--without-gmp'\'' '\''--without-mpfr'\'' '\''--prefix=/workspace/gdb-mipsel-static'\'' --program-transform-name='\''s,y,y,'\'' --disable-option-checking'
host_cpu='mipsel'
host_noncanonical='mipsel-linux'
host_os='linux-gnu'
host_shared='no'
host_subdir='.'
host_vendor='unknown'
htmldir='${docdir}'
includedir='${prefix}/include'
infodir='${datarootdir}/info'
islinc=''
isllibs=''
islver=''
libdir='${exec_prefix}/lib'
libexecdir='${exec_prefix}/libexec'
localedir='${datarootdir}/locale'
localstatedir='${prefix}/var'
mandir='${datarootdir}/man'
oldincludedir='/usr/include'
pdfdir='${docdir}'
poststage1_ldflags='-static-libstdc++ -static-libgcc'
poststage1_libs=''
prefix='/workspace/gdb-mipsel-static'
program_transform_name='s,y,y,'
psdir='${docdir}'
sbindir='${exec_prefix}/sbin'
sharedstatedir='${prefix}/com'
stage1_cflags='-g'
stage1_checking='--enable-checking=yes,types'
stage1_languages=',c,'
stage1_ldflags='-static-libstdc++ -static-libgcc'
stage1_libs=''
stage2_werror_flag=''
sysconfdir='${prefix}/etc'
target='mipsel-unknown-linux-gnu'
target_alias=''
target_configargs='--cache-file=./config.cache --enable-multilib   '\''--disable-werror'\'' '\''--disable-nls'\'' '\''--disable-shared'\'' '\''--enable-static'\'' '\''--without-python'\'' '\''--without-expat'\'' '\''--without-gmp'\'' '\''--without-mpfr'\'' '\''--prefix=/workspace/gdb-mipsel-static'\'' --program-transform-name='\''s,y,y,'\'' --disable-option-checking'
target_configdirs=''
target_cpu='mipsel'
target_noncanonical='mipsel-linux'
target_os='linux-gnu'
target_subdir='mipsel-linux'
target_vendor='unknown'
tooldir='${exec_prefix}/mipsel-linux'

## ------------------- ##
## File substitutions. ##
## ------------------- ##

alphaieee_frag='/dev/null'
host_makefile_frag='/dev/null'
ospace_frag='/dev/null'
serialization_dependencies='serdep.tmp'
target_makefile_frag='./config/mt-mips-gnu'

## ----------- ##
## confdefs.h. ##
## ----------- ##

/* confdefs.h */
#define PACKAGE_NAME ""
#define PACKAGE_TARNAME ""
#define PACKAGE_VERSION ""
#define PACKAGE_STRING ""
#define PACKAGE_BUGREPORT ""
#define PACKAGE_URL ""
#define LT_OBJDIR ".libs/"

configure: exit 0
